<?xml version="1.0" encoding="UTF-8" standalone="no"?>
<!DOCTYPE log SYSTEM "logger.dtd">
<log>
<record>
  <date>2019-08-22T09:02:09</date>
  <millis>1566441129988</millis>
  <sequence>0</sequence>
  <level>START</level>
  <class>com.kms.katalon.core.logging.XmlKeywordLogger</class>
  <method>startSuite</method>
  <thread>1</thread>
  <message>Start Test Suite : Test Suites/DataPreparation/PartyOnboardingPersonal</message>
  <nestedLevel>0</nestedLevel>
  <property name="name">PartyOnboardingPersonal</property>
  <property name="description"></property>
  <property name="id">Test Suites/DataPreparation/PartyOnboardingPersonal</property>
</record>
<record>
  <date>2019-08-22T09:02:10</date>
  <millis>1566441130008</millis>
  <sequence>1</sequence>
  <level>RUN_DATA</level>
  <class>com.kms.katalon.core.logging.XmlKeywordLogger</class>
  <method>logMessage</method>
  <thread>1</thread>
  <message>hostName = HP - CNU406BFVL</message>
  <nestedLevel>0</nestedLevel>
  <property name="hostName">HP - CNU406BFVL</property>
</record>
<record>
  <date>2019-08-22T09:02:10</date>
  <millis>1566441130009</millis>
  <sequence>2</sequence>
  <level>RUN_DATA</level>
  <class>com.kms.katalon.core.logging.XmlKeywordLogger</class>
  <method>logMessage</method>
  <thread>1</thread>
  <message>os = Windows 7 64bit</message>
  <nestedLevel>0</nestedLevel>
  <property name="os">Windows 7 64bit</property>
</record>
<record>
  <date>2019-08-22T09:02:10</date>
  <millis>1566441130010</millis>
  <sequence>3</sequence>
  <level>RUN_DATA</level>
  <class>com.kms.katalon.core.logging.XmlKeywordLogger</class>
  <method>logMessage</method>
  <thread>1</thread>
  <message>hostAddress = 172.24.175.11</message>
  <nestedLevel>0</nestedLevel>
  <property name="hostAddress">172.24.175.11</property>
</record>
<record>
  <date>2019-08-22T09:02:10</date>
  <millis>1566441130011</millis>
  <sequence>4</sequence>
  <level>RUN_DATA</level>
  <class>com.kms.katalon.core.logging.XmlKeywordLogger</class>
  <method>logMessage</method>
  <thread>1</thread>
  <message>katalonVersion = 6.2.2.4</message>
  <nestedLevel>0</nestedLevel>
  <property name="katalonVersion">6.2.2.4</property>
</record>
<record>
  <date>2019-08-22T09:02:10</date>
  <millis>1566441130353</millis>
  <sequence>5</sequence>
  <level>START</level>
  <class>com.kms.katalon.core.logging.XmlKeywordLogger</class>
  <method>startTest</method>
  <thread>1</thread>
  <message>Start Test Case : Test Cases/Login</message>
  <nestedLevel>1</nestedLevel>
  <property name="name">Test Cases/Login</property>
  <property name="description">user: user31\nPass: user31</property>
  <property name="id">Test Cases/Login</property>
  <property name="source">C:\\ML\\JITS\\AYA\\Automation\\FBE\\FBE\\Test Cases\\Login.tc</property>
  <property name="tag"></property>
  <property name="isOptional">false</property>
</record>
<record>
  <date>2019-08-22T09:02:10</date>
  <millis>1566441130391</millis>
  <sequence>7</sequence>
  <level>INFO</level>
  <class>com.kms.katalon.core.logging.XmlKeywordLogger</class>
  <method>logMessage</method>
  <thread>1</thread>
  <message>url = http://172.24.192.30:9080/uxp/rt/html/layout.html?locale=en-gb</message>
  <nestedLevel>1</nestedLevel>
</record>
<record>
  <date>2019-08-22T09:02:10</date>
  <millis>1566441130392</millis>
  <sequence>8</sequence>
  <level>INFO</level>
  <class>com.kms.katalon.core.logging.XmlKeywordLogger</class>
  <method>logMessage</method>
  <thread>1</thread>
  <message>username = br1user006</message>
  <nestedLevel>1</nestedLevel>
</record>
<record>
  <date>2019-08-22T09:02:10</date>
  <millis>1566441130392</millis>
  <sequence>9</sequence>
  <level>INFO</level>
  <class>com.kms.katalon.core.logging.XmlKeywordLogger</class>
  <method>logMessage</method>
  <thread>1</thread>
  <message>password = User006!@#</message>
  <nestedLevel>1</nestedLevel>
</record>
<record>
  <date>2019-08-22T09:02:10</date>
  <millis>1566441130537</millis>
  <sequence>10</sequence>
  <level>INFO</level>
  <class>com.kms.katalon.core.logging.XmlKeywordLogger</class>
  <method>logMessage</method>
  <thread>1</thread>
  <message>(Default) active = Yes</message>
  <nestedLevel>1</nestedLevel>
</record>
<record>
  <date>2019-08-22T09:02:10</date>
  <millis>1566441130540</millis>
  <sequence>11</sequence>
  <level>START</level>
  <class>com.kms.katalon.core.logging.XmlKeywordLogger</class>
  <method>startKeyword</method>
  <thread>1</thread>
  <message>Start listener action : sampleBeforeTestCase</message>
  <nestedLevel>1</nestedLevel>
</record>
<record>
  <date>2019-08-22T09:02:10</date>
  <millis>1566441130561</millis>
  <sequence>13</sequence>
  <level>START</level>
  <class>com.kms.katalon.core.logging.XmlKeywordLogger</class>
  <method>startKeyword</method>
  <thread>1</thread>
  <message>Start action : testCaseID = testCaseContext.getTestCaseId()</message>
  <nestedLevel>1</nestedLevel>
  <property name="startLine">32</property>
  <property name="stepIndex">1</property>
</record>
<record>
  <date>2019-08-22T09:02:10</date>
  <millis>1566441130806</millis>
  <sequence>15</sequence>
  <level>END</level>
  <class>com.kms.katalon.core.logging.XmlKeywordLogger</class>
  <method>endKeyword</method>
  <thread>1</thread>
  <message>End action : testCaseID = testCaseContext.getTestCaseId()</message>
  <nestedLevel>1</nestedLevel>
</record>
<record>
  <date>2019-08-22T09:02:10</date>
  <millis>1566441130807</millis>
  <sequence>16</sequence>
  <level>END</level>
  <class>com.kms.katalon.core.logging.XmlKeywordLogger</class>
  <method>endKeyword</method>
  <thread>1</thread>
  <message>End listener action : sampleBeforeTestCase</message>
  <nestedLevel>1</nestedLevel>
</record>
<record>
  <date>2019-08-22T09:02:11</date>
  <millis>1566441131253</millis>
  <sequence>17</sequence>
  <level>START</level>
  <class>com.kms.katalon.core.logging.XmlKeywordLogger</class>
  <method>startKeyword</method>
  <thread>1</thread>
  <message>Start action : logger = new com.kms.katalon.core.util.KeywordUtil()</message>
  <nestedLevel>1</nestedLevel>
  <property name="startLine">26</property>
  <property name="stepIndex">1</property>
</record>
<record>
  <date>2019-08-22T09:02:11</date>
  <millis>1566441131264</millis>
  <sequence>18</sequence>
  <level>END</level>
  <class>com.kms.katalon.core.logging.XmlKeywordLogger</class>
  <method>endKeyword</method>
  <thread>1</thread>
  <message>End action : logger = new com.kms.katalon.core.util.KeywordUtil()</message>
  <nestedLevel>1</nestedLevel>
</record>
<record>
  <date>2019-08-22T09:02:11</date>
  <millis>1566441131264</millis>
  <sequence>19</sequence>
  <level>START</level>
  <class>com.kms.katalon.core.logging.XmlKeywordLogger</class>
  <method>startKeyword</method>
  <thread>1</thread>
  <message>Start action : loginPage = new pageObjects.LoginPage()</message>
  <nestedLevel>1</nestedLevel>
  <property name="startLine">28</property>
  <property name="stepIndex">2</property>
</record>
<record>
  <date>2019-08-22T09:02:11</date>
  <millis>1566441131313</millis>
  <sequence>20</sequence>
  <level>END</level>
  <class>com.kms.katalon.core.logging.XmlKeywordLogger</class>
  <method>endKeyword</method>
  <thread>1</thread>
  <message>End action : loginPage = new pageObjects.LoginPage()</message>
  <nestedLevel>1</nestedLevel>
</record>
<record>
  <date>2019-08-22T09:02:11</date>
  <millis>1566441131314</millis>
  <sequence>21</sequence>
  <level>START</level>
  <class>com.kms.katalon.core.logging.XmlKeywordLogger</class>
  <method>startKeyword</method>
  <thread>1</thread>
  <message>Start action : logger.logInfo(\&amp;quot;Login - Step01 - Open browser\&amp;quot;)</message>
  <nestedLevel>1</nestedLevel>
  <property name="startLine">30</property>
  <property name="stepIndex">3</property>
</record>
<record>
  <date>2019-08-22T09:02:11</date>
  <millis>1566441131316</millis>
  <sequence>22</sequence>
  <level>INFO</level>
  <class>com.kms.katalon.core.logging.XmlKeywordLogger</class>
  <method>logMessage</method>
  <thread>1</thread>
  <message>Login - Step01 - Open browser</message>
  <nestedLevel>1</nestedLevel>
</record>
<record>
  <date>2019-08-22T09:02:11</date>
  <millis>1566441131317</millis>
  <sequence>23</sequence>
  <level>END</level>
  <class>com.kms.katalon.core.logging.XmlKeywordLogger</class>
  <method>endKeyword</method>
  <thread>1</thread>
  <message>End action : logger.logInfo(\&amp;quot;Login - Step01 - Open browser\&amp;quot;)</message>
  <nestedLevel>1</nestedLevel>
</record>
<record>
  <date>2019-08-22T09:02:11</date>
  <millis>1566441131318</millis>
  <sequence>24</sequence>
  <level>START</level>
  <class>com.kms.katalon.core.logging.XmlKeywordLogger</class>
  <method>startKeyword</method>
  <thread>1</thread>
  <message>Start action : loginPage.openBrowser(url, active)</message>
  <nestedLevel>1</nestedLevel>
  <property name="startLine">31</property>
  <property name="stepIndex">4</property>
</record>
<record>
  <date>2019-08-22T09:02:11</date>
  <millis>1566441131735</millis>
  <sequence>26</sequence>
  <level>INFO</level>
  <class>com.kms.katalon.core.logging.XmlKeywordLogger</class>
  <method>logMessage</method>
  <thread>1</thread>
  <message>Starting &amp;apos;Chrome&amp;apos; driver</message>
  <nestedLevel>1</nestedLevel>
</record>
<record>
  <date>2019-08-22T09:02:11</date>
  <millis>1566441131806</millis>
  <sequence>28</sequence>
  <level>INFO</level>
  <class>com.kms.katalon.core.logging.XmlKeywordLogger</class>
  <method>logMessage</method>
  <thread>1</thread>
  <message>Action delay is set to 0 seconds</message>
  <nestedLevel>1</nestedLevel>
</record>
<record>
  <date>2019-08-22T09:02:15</date>
  <millis>1566441135866</millis>
  <sequence>30</sequence>
  <level>RUN_DATA</level>
  <class>com.kms.katalon.core.logging.XmlKeywordLogger</class>
  <method>logMessage</method>
  <thread>1</thread>
  <message>sessionId = 7fa294bf11e5b05694f5ee887a23dec4</message>
  <nestedLevel>1</nestedLevel>
  <property name="sessionId">7fa294bf11e5b05694f5ee887a23dec4</property>
</record>
<record>
  <date>2019-08-22T09:02:15</date>
  <millis>1566441135891</millis>
  <sequence>31</sequence>
  <level>RUN_DATA</level>
  <class>com.kms.katalon.core.logging.XmlKeywordLogger</class>
  <method>logMessage</method>
  <thread>1</thread>
  <message>browser = Chrome 76.0.3809.100</message>
  <nestedLevel>1</nestedLevel>
  <property name="browser">Chrome 76.0.3809.100</property>
</record>
<record>
  <date>2019-08-22T09:02:15</date>
  <millis>1566441135892</millis>
  <sequence>32</sequence>
  <level>RUN_DATA</level>
  <class>com.kms.katalon.core.logging.XmlKeywordLogger</class>
  <method>logMessage</method>
  <thread>1</thread>
  <message>platform = Windows 7</message>
  <nestedLevel>1</nestedLevel>
  <property name="platform">Windows 7</property>
</record>
<record>
  <date>2019-08-22T09:02:15</date>
  <millis>1566441135892</millis>
  <sequence>33</sequence>
  <level>RUN_DATA</level>
  <class>com.kms.katalon.core.logging.XmlKeywordLogger</class>
  <method>logMessage</method>
  <thread>1</thread>
  <message>seleniumVersion = 3.141.59</message>
  <nestedLevel>1</nestedLevel>
  <property name="seleniumVersion">3.141.59</property>
</record>
<record>
  <date>2019-08-22T09:02:15</date>
  <millis>1566441135893</millis>
  <sequence>34</sequence>
  <level>RUN_DATA</level>
  <class>com.kms.katalon.core.logging.XmlKeywordLogger</class>
  <method>logMessage</method>
  <thread>1</thread>
  <message>proxyInformation = ProxyInformation{proxyOption=NO_PROXY, proxyServerType=HTTP, password=, proxyServerAddress=, proxyServerPort=0}</message>
  <nestedLevel>1</nestedLevel>
  <property name="proxyInformation">ProxyInformation{proxyOption=NO_PROXY, proxyServerType=HTTP, password=, proxyServerAddress=, proxyServerPort=0}</property>
</record>
<record>
  <date>2019-08-22T09:02:18</date>
  <millis>1566441138264</millis>
  <sequence>36</sequence>
  <level>PASSED</level>
  <class>com.kms.katalon.core.logging.XmlKeywordLogger</class>
  <method>logMessage</method>
  <thread>1</thread>
  <message>Browser is opened with url: &amp;apos;http://172.24.192.30:9080/uxp/rt/html/layout.html?locale=en-gb&amp;apos;</message>
  <nestedLevel>1</nestedLevel>
</record>
<record>
  <date>2019-08-22T09:02:19</date>
  <millis>1566441139778</millis>
  <sequence>38</sequence>
  <level>PASSED</level>
  <class>com.kms.katalon.core.logging.XmlKeywordLogger</class>
  <method>logMessage</method>
  <thread>1</thread>
  <message>Current window maximized</message>
  <nestedLevel>1</nestedLevel>
</record>
<record>
  <date>2019-08-22T09:02:19</date>
  <millis>1566441139778</millis>
  <sequence>39</sequence>
  <level>END</level>
  <class>com.kms.katalon.core.logging.XmlKeywordLogger</class>
  <method>endKeyword</method>
  <thread>1</thread>
  <message>End action : loginPage.openBrowser(url, active)</message>
  <nestedLevel>1</nestedLevel>
</record>
<record>
  <date>2019-08-22T09:02:19</date>
  <millis>1566441139779</millis>
  <sequence>40</sequence>
  <level>START</level>
  <class>com.kms.katalon.core.logging.XmlKeywordLogger</class>
  <method>startKeyword</method>
  <thread>1</thread>
  <message>Start action : logger.logInfo(\&amp;quot;Login - Step02 - Input Username\&amp;quot;)</message>
  <nestedLevel>1</nestedLevel>
  <property name="startLine">33</property>
  <property name="stepIndex">5</property>
</record>
<record>
  <date>2019-08-22T09:02:19</date>
  <millis>1566441139779</millis>
  <sequence>41</sequence>
  <level>INFO</level>
  <class>com.kms.katalon.core.logging.XmlKeywordLogger</class>
  <method>logMessage</method>
  <thread>1</thread>
  <message>Login - Step02 - Input Username</message>
  <nestedLevel>1</nestedLevel>
</record>
<record>
  <date>2019-08-22T09:02:19</date>
  <millis>1566441139779</millis>
  <sequence>42</sequence>
  <level>END</level>
  <class>com.kms.katalon.core.logging.XmlKeywordLogger</class>
  <method>endKeyword</method>
  <thread>1</thread>
  <message>End action : logger.logInfo(\&amp;quot;Login - Step02 - Input Username\&amp;quot;)</message>
  <nestedLevel>1</nestedLevel>
</record>
<record>
  <date>2019-08-22T09:02:19</date>
  <millis>1566441139780</millis>
  <sequence>43</sequence>
  <level>START</level>
  <class>com.kms.katalon.core.logging.XmlKeywordLogger</class>
  <method>startKeyword</method>
  <thread>1</thread>
  <message>Start action : loginPage.inputUsername(username, active)</message>
  <nestedLevel>1</nestedLevel>
  <property name="startLine">34</property>
  <property name="stepIndex">6</property>
</record>
<record>
  <date>2019-08-22T09:02:19</date>
  <millis>1566441139893</millis>
  <sequence>49</sequence>
  <level>PASSED</level>
  <class>com.kms.katalon.core.logging.XmlKeywordLogger</class>
  <method>logMessage</method>
  <thread>1</thread>
  <message>Object &amp;apos;Object Repository/LogIn/input_Username_user&amp;apos; is present</message>
  <nestedLevel>1</nestedLevel>
</record>
<record>
  <date>2019-08-22T09:02:20</date>
  <millis>1566441140171</millis>
  <sequence>55</sequence>
  <level>PASSED</level>
  <class>com.kms.katalon.core.logging.XmlKeywordLogger</class>
  <method>logMessage</method>
  <thread>1</thread>
  <message>Keys &amp;apos;br1user006&amp;apos; sent to object: &amp;apos;Object Repository/LogIn/input_Username_user&amp;apos;</message>
  <nestedLevel>1</nestedLevel>
</record>
<record>
  <date>2019-08-22T09:02:20</date>
  <millis>1566441140172</millis>
  <sequence>56</sequence>
  <level>END</level>
  <class>com.kms.katalon.core.logging.XmlKeywordLogger</class>
  <method>endKeyword</method>
  <thread>1</thread>
  <message>End action : loginPage.inputUsername(username, active)</message>
  <nestedLevel>1</nestedLevel>
</record>
<record>
  <date>2019-08-22T09:02:20</date>
  <millis>1566441140173</millis>
  <sequence>57</sequence>
  <level>START</level>
  <class>com.kms.katalon.core.logging.XmlKeywordLogger</class>
  <method>startKeyword</method>
  <thread>1</thread>
  <message>Start action : logger.logInfo(\&amp;quot;Login - Step03 - Input Password\&amp;quot;)</message>
  <nestedLevel>1</nestedLevel>
  <property name="startLine">36</property>
  <property name="stepIndex">7</property>
</record>
<record>
  <date>2019-08-22T09:02:20</date>
  <millis>1566441140173</millis>
  <sequence>58</sequence>
  <level>INFO</level>
  <class>com.kms.katalon.core.logging.XmlKeywordLogger</class>
  <method>logMessage</method>
  <thread>1</thread>
  <message>Login - Step03 - Input Password</message>
  <nestedLevel>1</nestedLevel>
</record>
<record>
  <date>2019-08-22T09:02:20</date>
  <millis>1566441140174</millis>
  <sequence>59</sequence>
  <level>END</level>
  <class>com.kms.katalon.core.logging.XmlKeywordLogger</class>
  <method>endKeyword</method>
  <thread>1</thread>
  <message>End action : logger.logInfo(\&amp;quot;Login - Step03 - Input Password\&amp;quot;)</message>
  <nestedLevel>1</nestedLevel>
</record>
<record>
  <date>2019-08-22T09:02:20</date>
  <millis>1566441140174</millis>
  <sequence>60</sequence>
  <level>START</level>
  <class>com.kms.katalon.core.logging.XmlKeywordLogger</class>
  <method>startKeyword</method>
  <thread>1</thread>
  <message>Start action : loginPage.inputPassword(password, active)</message>
  <nestedLevel>1</nestedLevel>
  <property name="startLine">37</property>
  <property name="stepIndex">8</property>
</record>
<record>
  <date>2019-08-22T09:02:20</date>
  <millis>1566441140225</millis>
  <sequence>66</sequence>
  <level>PASSED</level>
  <class>com.kms.katalon.core.logging.XmlKeywordLogger</class>
  <method>logMessage</method>
  <thread>1</thread>
  <message>Object &amp;apos;Object Repository/LogIn/input_Password_pwd&amp;apos; is present</message>
  <nestedLevel>1</nestedLevel>
</record>
<record>
  <date>2019-08-22T09:02:20</date>
  <millis>1566441140466</millis>
  <sequence>72</sequence>
  <level>PASSED</level>
  <class>com.kms.katalon.core.logging.XmlKeywordLogger</class>
  <method>logMessage</method>
  <thread>1</thread>
  <message>Keys &amp;apos;User006!@#&amp;apos; sent to object: &amp;apos;Object Repository/LogIn/input_Password_pwd&amp;apos;</message>
  <nestedLevel>1</nestedLevel>
</record>
<record>
  <date>2019-08-22T09:02:20</date>
  <millis>1566441140467</millis>
  <sequence>73</sequence>
  <level>END</level>
  <class>com.kms.katalon.core.logging.XmlKeywordLogger</class>
  <method>endKeyword</method>
  <thread>1</thread>
  <message>End action : loginPage.inputPassword(password, active)</message>
  <nestedLevel>1</nestedLevel>
</record>
<record>
  <date>2019-08-22T09:02:20</date>
  <millis>1566441140468</millis>
  <sequence>74</sequence>
  <level>START</level>
  <class>com.kms.katalon.core.logging.XmlKeywordLogger</class>
  <method>startKeyword</method>
  <thread>1</thread>
  <message>Start action : logger.logInfo(\&amp;quot;Login - Step04 - Click Sign In button\&amp;quot;)</message>
  <nestedLevel>1</nestedLevel>
  <property name="startLine">39</property>
  <property name="stepIndex">9</property>
</record>
<record>
  <date>2019-08-22T09:02:20</date>
  <millis>1566441140468</millis>
  <sequence>75</sequence>
  <level>INFO</level>
  <class>com.kms.katalon.core.logging.XmlKeywordLogger</class>
  <method>logMessage</method>
  <thread>1</thread>
  <message>Login - Step04 - Click Sign In button</message>
  <nestedLevel>1</nestedLevel>
</record>
<record>
  <date>2019-08-22T09:02:20</date>
  <millis>1566441140469</millis>
  <sequence>76</sequence>
  <level>END</level>
  <class>com.kms.katalon.core.logging.XmlKeywordLogger</class>
  <method>endKeyword</method>
  <thread>1</thread>
  <message>End action : logger.logInfo(\&amp;quot;Login - Step04 - Click Sign In button\&amp;quot;)</message>
  <nestedLevel>1</nestedLevel>
</record>
<record>
  <date>2019-08-22T09:02:20</date>
  <millis>1566441140470</millis>
  <sequence>77</sequence>
  <level>START</level>
  <class>com.kms.katalon.core.logging.XmlKeywordLogger</class>
  <method>startKeyword</method>
  <thread>1</thread>
  <message>Start action : loginPage.clickSingin(active)</message>
  <nestedLevel>1</nestedLevel>
  <property name="startLine">40</property>
  <property name="stepIndex">10</property>
</record>
<record>
  <date>2019-08-22T09:02:20</date>
  <millis>1566441140519</millis>
  <sequence>83</sequence>
  <level>PASSED</level>
  <class>com.kms.katalon.core.logging.XmlKeywordLogger</class>
  <method>logMessage</method>
  <thread>1</thread>
  <message>Object &amp;apos;Object Repository/LogIn/input_Password_login&amp;apos; is present</message>
  <nestedLevel>1</nestedLevel>
</record>
<record>
  <date>2019-08-22T09:02:21</date>
  <millis>1566441141641</millis>
  <sequence>90</sequence>
  <level>PASSED</level>
  <class>com.kms.katalon.core.logging.XmlKeywordLogger</class>
  <method>logMessage</method>
  <thread>1</thread>
  <message>Object: &amp;apos;Object Repository/LogIn/input_Password_login&amp;apos; is clicked on</message>
  <nestedLevel>1</nestedLevel>
</record>
<record>
  <date>2019-08-22T09:02:21</date>
  <millis>1566441141642</millis>
  <sequence>91</sequence>
  <level>END</level>
  <class>com.kms.katalon.core.logging.XmlKeywordLogger</class>
  <method>endKeyword</method>
  <thread>1</thread>
  <message>End action : loginPage.clickSingin(active)</message>
  <nestedLevel>1</nestedLevel>
</record>
<record>
  <date>2019-08-22T09:02:21</date>
  <millis>1566441141643</millis>
  <sequence>92</sequence>
  <level>START</level>
  <class>com.kms.katalon.core.logging.XmlKeywordLogger</class>
  <method>startKeyword</method>
  <thread>1</thread>
  <message>Start action : logger.logInfo(\&amp;quot;Login - wait load page\&amp;quot;)</message>
  <nestedLevel>1</nestedLevel>
  <property name="startLine">42</property>
  <property name="stepIndex">11</property>
</record>
<record>
  <date>2019-08-22T09:02:21</date>
  <millis>1566441141645</millis>
  <sequence>93</sequence>
  <level>INFO</level>
  <class>com.kms.katalon.core.logging.XmlKeywordLogger</class>
  <method>logMessage</method>
  <thread>1</thread>
  <message>Login - wait load page</message>
  <nestedLevel>1</nestedLevel>
</record>
<record>
  <date>2019-08-22T09:02:21</date>
  <millis>1566441141645</millis>
  <sequence>94</sequence>
  <level>END</level>
  <class>com.kms.katalon.core.logging.XmlKeywordLogger</class>
  <method>endKeyword</method>
  <thread>1</thread>
  <message>End action : logger.logInfo(\&amp;quot;Login - wait load page\&amp;quot;)</message>
  <nestedLevel>1</nestedLevel>
</record>
<record>
  <date>2019-08-22T09:02:21</date>
  <millis>1566441141645</millis>
  <sequence>95</sequence>
  <level>START</level>
  <class>com.kms.katalon.core.logging.XmlKeywordLogger</class>
  <method>startKeyword</method>
  <thread>1</thread>
  <message>Start action : loginPage.waitLoadPage(active)</message>
  <nestedLevel>1</nestedLevel>
  <property name="startLine">43</property>
  <property name="stepIndex">12</property>
</record>
<record>
  <date>2019-08-22T09:02:21</date>
  <millis>1566441141775</millis>
  <sequence>97</sequence>
  <level>PASSED</level>
  <class>com.kms.katalon.core.logging.XmlKeywordLogger</class>
  <method>logMessage</method>
  <thread>1</thread>
  <message>Wait for page load successfully</message>
  <nestedLevel>1</nestedLevel>
</record>
<record>
  <date>2019-08-22T09:02:21</date>
  <millis>1566441141776</millis>
  <sequence>98</sequence>
  <level>END</level>
  <class>com.kms.katalon.core.logging.XmlKeywordLogger</class>
  <method>endKeyword</method>
  <thread>1</thread>
  <message>End action : loginPage.waitLoadPage(active)</message>
  <nestedLevel>1</nestedLevel>
</record>
<record>
  <date>2019-08-22T09:02:21</date>
  <millis>1566441141776</millis>
  <sequence>99</sequence>
  <level>PASSED</level>
  <class>com.kms.katalon.core.logging.XmlKeywordLogger</class>
  <method>logMessage</method>
  <thread>1</thread>
  <message>Test Cases/Login</message>
  <nestedLevel>1</nestedLevel>
</record>
<record>
  <date>2019-08-22T09:02:21</date>
  <millis>1566441141776</millis>
  <sequence>100</sequence>
  <level>END</level>
  <class>com.kms.katalon.core.logging.XmlKeywordLogger</class>
  <method>endTest</method>
  <thread>1</thread>
  <message>End Test Case : Test Cases/Login</message>
  <nestedLevel>0</nestedLevel>
</record>
<record>
  <date>2019-08-22T09:02:21</date>
  <millis>1566441141782</millis>
  <sequence>101</sequence>
  <level>START</level>
  <class>com.kms.katalon.core.logging.XmlKeywordLogger</class>
  <method>startTest</method>
  <thread>1</thread>
  <message>Start Test Case : Test Cases/DataPreparation/ConfirmDataPreparation</message>
  <nestedLevel>1</nestedLevel>
  <property name="name">Test Cases/DataPreparation/ConfirmDataPreparation</property>
  <property name="description"></property>
  <property name="id">Test Cases/DataPreparation/ConfirmDataPreparation</property>
  <property name="source">C:\\ML\\JITS\\AYA\\Automation\\FBE\\FBE\\Test Cases\\DataPreparation\\ConfirmDataPreparation.tc</property>
  <property name="tag"></property>
  <property name="isOptional">false</property>
</record>
<record>
  <date>2019-08-22T09:02:21</date>
  <millis>1566441141798</millis>
  <sequence>103</sequence>
  <level>INFO</level>
  <class>com.kms.katalon.core.logging.XmlKeywordLogger</class>
  <method>logMessage</method>
  <thread>1</thread>
  <message>description = Supervisor Authorization required for Party Onboarding</message>
  <nestedLevel>1</nestedLevel>
</record>
<record>
  <date>2019-08-22T09:02:21</date>
  <millis>1566441141800</millis>
  <sequence>104</sequence>
  <level>START</level>
  <class>com.kms.katalon.core.logging.XmlKeywordLogger</class>
  <method>startKeyword</method>
  <thread>1</thread>
  <message>Start listener action : sampleBeforeTestCase</message>
  <nestedLevel>1</nestedLevel>
</record>
<record>
  <date>2019-08-22T09:02:21</date>
  <millis>1566441141802</millis>
  <sequence>106</sequence>
  <level>START</level>
  <class>com.kms.katalon.core.logging.XmlKeywordLogger</class>
  <method>startKeyword</method>
  <thread>1</thread>
  <message>Start action : testCaseID = testCaseContext.getTestCaseId()</message>
  <nestedLevel>1</nestedLevel>
  <property name="startLine">32</property>
  <property name="stepIndex">1</property>
</record>
<record>
  <date>2019-08-22T09:02:21</date>
  <millis>1566441141808</millis>
  <sequence>108</sequence>
  <level>END</level>
  <class>com.kms.katalon.core.logging.XmlKeywordLogger</class>
  <method>endKeyword</method>
  <thread>1</thread>
  <message>End action : testCaseID = testCaseContext.getTestCaseId()</message>
  <nestedLevel>1</nestedLevel>
</record>
<record>
  <date>2019-08-22T09:02:21</date>
  <millis>1566441141809</millis>
  <sequence>109</sequence>
  <level>END</level>
  <class>com.kms.katalon.core.logging.XmlKeywordLogger</class>
  <method>endKeyword</method>
  <thread>1</thread>
  <message>End listener action : sampleBeforeTestCase</message>
  <nestedLevel>1</nestedLevel>
</record>
<record>
  <date>2019-08-22T09:02:22</date>
  <millis>1566441142256</millis>
  <sequence>110</sequence>
  <level>START</level>
  <class>com.kms.katalon.core.logging.XmlKeywordLogger</class>
  <method>startKeyword</method>
  <thread>1</thread>
  <message>Start action : log = new com.kms.katalon.core.logging.KeywordLogger()</message>
  <nestedLevel>1</nestedLevel>
  <property name="startLine">19</property>
  <property name="stepIndex">1</property>
</record>
<record>
  <date>2019-08-22T09:02:22</date>
  <millis>1566441142259</millis>
  <sequence>111</sequence>
  <level>END</level>
  <class>com.kms.katalon.core.logging.XmlKeywordLogger</class>
  <method>endKeyword</method>
  <thread>1</thread>
  <message>End action : log = new com.kms.katalon.core.logging.KeywordLogger()</message>
  <nestedLevel>1</nestedLevel>
</record>
<record>
  <date>2019-08-22T09:02:22</date>
  <millis>1566441142259</millis>
  <sequence>112</sequence>
  <level>START</level>
  <class>com.kms.katalon.core.logging.XmlKeywordLogger</class>
  <method>startKeyword</method>
  <thread>1</thread>
  <message>Start action : notificationPage = new pageObjects.NotificationPage()</message>
  <nestedLevel>1</nestedLevel>
  <property name="startLine">20</property>
  <property name="stepIndex">2</property>
</record>
<record>
  <date>2019-08-22T09:02:22</date>
  <millis>1566441142303</millis>
  <sequence>113</sequence>
  <level>END</level>
  <class>com.kms.katalon.core.logging.XmlKeywordLogger</class>
  <method>endKeyword</method>
  <thread>1</thread>
  <message>End action : notificationPage = new pageObjects.NotificationPage()</message>
  <nestedLevel>1</nestedLevel>
</record>
<record>
  <date>2019-08-22T09:02:22</date>
  <millis>1566441142303</millis>
  <sequence>114</sequence>
  <level>START</level>
  <class>com.kms.katalon.core.logging.XmlKeywordLogger</class>
  <method>startKeyword</method>
  <thread>1</thread>
  <message>Start action : step = \&amp;quot;\&amp;quot;</message>
  <nestedLevel>1</nestedLevel>
  <property name="startLine">22</property>
  <property name="stepIndex">3</property>
</record>
<record>
  <date>2019-08-22T09:02:22</date>
  <millis>1566441142304</millis>
  <sequence>115</sequence>
  <level>END</level>
  <class>com.kms.katalon.core.logging.XmlKeywordLogger</class>
  <method>endKeyword</method>
  <thread>1</thread>
  <message>End action : step = \&amp;quot;\&amp;quot;</message>
  <nestedLevel>1</nestedLevel>
</record>
<record>
  <date>2019-08-22T09:02:22</date>
  <millis>1566441142305</millis>
  <sequence>116</sequence>
  <level>START</level>
  <class>com.kms.katalon.core.logging.XmlKeywordLogger</class>
  <method>startKeyword</method>
  <thread>1</thread>
  <message>Start action : step = \&amp;quot;1\&amp;quot;</message>
  <nestedLevel>1</nestedLevel>
  <property name="startLine">24</property>
  <property name="stepIndex">4</property>
</record>
<record>
  <date>2019-08-22T09:02:22</date>
  <millis>1566441142306</millis>
  <sequence>117</sequence>
  <level>END</level>
  <class>com.kms.katalon.core.logging.XmlKeywordLogger</class>
  <method>endKeyword</method>
  <thread>1</thread>
  <message>End action : step = \&amp;quot;1\&amp;quot;</message>
  <nestedLevel>1</nestedLevel>
</record>
<record>
  <date>2019-08-22T09:02:22</date>
  <millis>1566441142306</millis>
  <sequence>118</sequence>
  <level>START</level>
  <class>com.kms.katalon.core.logging.XmlKeywordLogger</class>
  <method>startKeyword</method>
  <thread>1</thread>
  <message>Start action : log.logInfo(\&amp;quot;Confirmation - Step0\&amp;quot; + step + \&amp;quot; Click Notification icon\&amp;quot;)</message>
  <nestedLevel>1</nestedLevel>
  <property name="startLine">25</property>
  <property name="stepIndex">5</property>
</record>
<record>
  <date>2019-08-22T09:02:22</date>
  <millis>1566441142308</millis>
  <sequence>119</sequence>
  <level>INFO</level>
  <class>com.kms.katalon.core.logging.XmlKeywordLogger</class>
  <method>logMessage</method>
  <thread>1</thread>
  <message>Confirmation - Step01 Click Notification icon</message>
  <nestedLevel>1</nestedLevel>
</record>
<record>
  <date>2019-08-22T09:02:22</date>
  <millis>1566441142308</millis>
  <sequence>120</sequence>
  <level>END</level>
  <class>com.kms.katalon.core.logging.XmlKeywordLogger</class>
  <method>endKeyword</method>
  <thread>1</thread>
  <message>End action : log.logInfo(\&amp;quot;Confirmation - Step0\&amp;quot; + step + \&amp;quot; Click Notification icon\&amp;quot;)</message>
  <nestedLevel>1</nestedLevel>
</record>
<record>
  <date>2019-08-22T09:02:22</date>
  <millis>1566441142309</millis>
  <sequence>121</sequence>
  <level>START</level>
  <class>com.kms.katalon.core.logging.XmlKeywordLogger</class>
  <method>startKeyword</method>
  <thread>1</thread>
  <message>Start action : notificationPage.clickNotificationIcon()</message>
  <nestedLevel>1</nestedLevel>
  <property name="startLine">26</property>
  <property name="stepIndex">6</property>
</record>
<record>
  <date>2019-08-22T09:02:24</date>
  <millis>1566441144357</millis>
  <sequence>123</sequence>
  <level>PASSED</level>
  <class>com.kms.katalon.core.logging.XmlKeywordLogger</class>
  <method>logMessage</method>
  <thread>1</thread>
  <message>Delayed 2 second(s)</message>
  <nestedLevel>1</nestedLevel>
</record>
<record>
  <date>2019-08-22T09:02:24</date>
  <millis>1566441144462</millis>
  <sequence>130</sequence>
  <level>PASSED</level>
  <class>com.kms.katalon.core.logging.XmlKeywordLogger</class>
  <method>logMessage</method>
  <thread>1</thread>
  <message>Object &amp;apos;Object Repository/ProcessApprovalConfirmation/NotificationIcon_btn&amp;apos; is visible</message>
  <nestedLevel>1</nestedLevel>
</record>
<record>
  <date>2019-08-22T09:02:24</date>
  <millis>1566441144582</millis>
  <sequence>137</sequence>
  <level>PASSED</level>
  <class>com.kms.katalon.core.logging.XmlKeywordLogger</class>
  <method>logMessage</method>
  <thread>1</thread>
  <message>Object: &amp;apos;Object Repository/ProcessApprovalConfirmation/NotificationIcon_btn&amp;apos; is clicked on</message>
  <nestedLevel>1</nestedLevel>
</record>
<record>
  <date>2019-08-22T09:02:24</date>
  <millis>1566441144583</millis>
  <sequence>138</sequence>
  <level>END</level>
  <class>com.kms.katalon.core.logging.XmlKeywordLogger</class>
  <method>endKeyword</method>
  <thread>1</thread>
  <message>End action : notificationPage.clickNotificationIcon()</message>
  <nestedLevel>1</nestedLevel>
</record>
<record>
  <date>2019-08-22T09:02:24</date>
  <millis>1566441144583</millis>
  <sequence>139</sequence>
  <level>START</level>
  <class>com.kms.katalon.core.logging.XmlKeywordLogger</class>
  <method>startKeyword</method>
  <thread>1</thread>
  <message>Start action : step = \&amp;quot;2\&amp;quot;</message>
  <nestedLevel>1</nestedLevel>
  <property name="startLine">28</property>
  <property name="stepIndex">7</property>
</record>
<record>
  <date>2019-08-22T09:02:24</date>
  <millis>1566441144584</millis>
  <sequence>140</sequence>
  <level>END</level>
  <class>com.kms.katalon.core.logging.XmlKeywordLogger</class>
  <method>endKeyword</method>
  <thread>1</thread>
  <message>End action : step = \&amp;quot;2\&amp;quot;</message>
  <nestedLevel>1</nestedLevel>
</record>
<record>
  <date>2019-08-22T09:02:24</date>
  <millis>1566441144585</millis>
  <sequence>141</sequence>
  <level>START</level>
  <class>com.kms.katalon.core.logging.XmlKeywordLogger</class>
  <method>startKeyword</method>
  <thread>1</thread>
  <message>Start action : log.logInfo(\&amp;quot;Confirmation - Step0\&amp;quot; + step + \&amp;quot; Click Approval description\&amp;quot;)</message>
  <nestedLevel>1</nestedLevel>
  <property name="startLine">29</property>
  <property name="stepIndex">8</property>
</record>
<record>
  <date>2019-08-22T09:02:24</date>
  <millis>1566441144585</millis>
  <sequence>142</sequence>
  <level>INFO</level>
  <class>com.kms.katalon.core.logging.XmlKeywordLogger</class>
  <method>logMessage</method>
  <thread>1</thread>
  <message>Confirmation - Step02 Click Approval description</message>
  <nestedLevel>1</nestedLevel>
</record>
<record>
  <date>2019-08-22T09:02:24</date>
  <millis>1566441144587</millis>
  <sequence>143</sequence>
  <level>END</level>
  <class>com.kms.katalon.core.logging.XmlKeywordLogger</class>
  <method>endKeyword</method>
  <thread>1</thread>
  <message>End action : log.logInfo(\&amp;quot;Confirmation - Step0\&amp;quot; + step + \&amp;quot; Click Approval description\&amp;quot;)</message>
  <nestedLevel>1</nestedLevel>
</record>
<record>
  <date>2019-08-22T09:02:24</date>
  <millis>1566441144587</millis>
  <sequence>144</sequence>
  <level>START</level>
  <class>com.kms.katalon.core.logging.XmlKeywordLogger</class>
  <method>startKeyword</method>
  <thread>1</thread>
  <message>Start action : notificationPage.clickDescription(\&amp;quot;Approval\&amp;quot;)</message>
  <nestedLevel>1</nestedLevel>
  <property name="startLine">30</property>
  <property name="stepIndex">9</property>
</record>
<record>
  <date>2019-08-22T09:02:25</date>
  <millis>1566441145718</millis>
  <sequence>151</sequence>
  <level>PASSED</level>
  <class>com.kms.katalon.core.logging.XmlKeywordLogger</class>
  <method>logMessage</method>
  <thread>1</thread>
  <message>Object &amp;apos;Object Repository/NotificationPage/NotificationTypes_rdo&amp;apos; is visible</message>
  <nestedLevel>1</nestedLevel>
</record>
<record>
  <date>2019-08-22T09:02:25</date>
  <millis>1566441145752</millis>
  <sequence>157</sequence>
  <level>PASSED</level>
  <class>com.kms.katalon.core.logging.XmlKeywordLogger</class>
  <method>logMessage</method>
  <thread>1</thread>
  <message>Object &amp;apos;Object Repository/NotificationPage/NotificationTypes_rdo&amp;apos; is visible</message>
  <nestedLevel>1</nestedLevel>
</record>
<record>
  <date>2019-08-22T09:02:25</date>
  <millis>1566441145823</millis>
  <sequence>161</sequence>
  <level>PASSED</level>
  <class>com.kms.katalon.core.logging.XmlKeywordLogger</class>
  <method>logMessage</method>
  <thread>1</thread>
  <message>Execute JavaScript &amp;apos;arguments[0].click();&amp;apos; successfully</message>
  <nestedLevel>1</nestedLevel>
</record>
<record>
  <date>2019-08-22T09:02:25</date>
  <millis>1566441145873</millis>
  <sequence>168</sequence>
  <level>PASSED</level>
  <class>com.kms.katalon.core.logging.XmlKeywordLogger</class>
  <method>logMessage</method>
  <thread>1</thread>
  <message>Object &amp;apos;Object Repository/PartyOnboarding/btn_Next&amp;apos; is visible</message>
  <nestedLevel>1</nestedLevel>
</record>
<record>
  <date>2019-08-22T09:02:25</date>
  <millis>1566441145917</millis>
  <sequence>173</sequence>
  <level>PASSED</level>
  <class>com.kms.katalon.core.logging.XmlKeywordLogger</class>
  <method>logMessage</method>
  <thread>1</thread>
  <message>Execute JavaScript &amp;apos;arguments[0].click();&amp;apos; successfully</message>
  <nestedLevel>1</nestedLevel>
</record>
<record>
  <date>2019-08-22T09:02:25</date>
  <millis>1566441145918</millis>
  <sequence>174</sequence>
  <level>END</level>
  <class>com.kms.katalon.core.logging.XmlKeywordLogger</class>
  <method>endKeyword</method>
  <thread>1</thread>
  <message>End action : notificationPage.clickDescription(\&amp;quot;Approval\&amp;quot;)</message>
  <nestedLevel>1</nestedLevel>
</record>
<record>
  <date>2019-08-22T09:02:25</date>
  <millis>1566441145918</millis>
  <sequence>175</sequence>
  <level>START</level>
  <class>com.kms.katalon.core.logging.XmlKeywordLogger</class>
  <method>startKeyword</method>
  <thread>1</thread>
  <message>Start action : step = \&amp;quot;3\&amp;quot;</message>
  <nestedLevel>1</nestedLevel>
  <property name="startLine">32</property>
  <property name="stepIndex">10</property>
</record>
<record>
  <date>2019-08-22T09:02:25</date>
  <millis>1566441145919</millis>
  <sequence>176</sequence>
  <level>END</level>
  <class>com.kms.katalon.core.logging.XmlKeywordLogger</class>
  <method>endKeyword</method>
  <thread>1</thread>
  <message>End action : step = \&amp;quot;3\&amp;quot;</message>
  <nestedLevel>1</nestedLevel>
</record>
<record>
  <date>2019-08-22T09:02:25</date>
  <millis>1566441145920</millis>
  <sequence>177</sequence>
  <level>START</level>
  <class>com.kms.katalon.core.logging.XmlKeywordLogger</class>
  <method>startKeyword</method>
  <thread>1</thread>
  <message>Start action : log.logInfo(\&amp;quot;Confirmation - Step0\&amp;quot; + step + \&amp;quot; Confirmed Party Creation\&amp;quot;)</message>
  <nestedLevel>1</nestedLevel>
  <property name="startLine">33</property>
  <property name="stepIndex">11</property>
</record>
<record>
  <date>2019-08-22T09:02:25</date>
  <millis>1566441145921</millis>
  <sequence>178</sequence>
  <level>INFO</level>
  <class>com.kms.katalon.core.logging.XmlKeywordLogger</class>
  <method>logMessage</method>
  <thread>1</thread>
  <message>Confirmation - Step03 Confirmed Party Creation</message>
  <nestedLevel>1</nestedLevel>
</record>
<record>
  <date>2019-08-22T09:02:25</date>
  <millis>1566441145921</millis>
  <sequence>179</sequence>
  <level>END</level>
  <class>com.kms.katalon.core.logging.XmlKeywordLogger</class>
  <method>endKeyword</method>
  <thread>1</thread>
  <message>End action : log.logInfo(\&amp;quot;Confirmation - Step0\&amp;quot; + step + \&amp;quot; Confirmed Party Creation\&amp;quot;)</message>
  <nestedLevel>1</nestedLevel>
</record>
<record>
  <date>2019-08-22T09:02:25</date>
  <millis>1566441145922</millis>
  <sequence>180</sequence>
  <level>START</level>
  <class>com.kms.katalon.core.logging.XmlKeywordLogger</class>
  <method>startKeyword</method>
  <thread>1</thread>
  <message>Start action : notificationPage.clickConfirmed(description, \&amp;quot;Approval\&amp;quot;)</message>
  <nestedLevel>1</nestedLevel>
  <property name="startLine">34</property>
  <property name="stepIndex">12</property>
</record>
<record>
  <date>2019-08-22T09:02:32</date>
  <millis>1566441152947</millis>
  <sequence>182</sequence>
  <level>PASSED</level>
  <class>com.kms.katalon.core.logging.XmlKeywordLogger</class>
  <method>logMessage</method>
  <thread>1</thread>
  <message>Delayed 1 second(s)</message>
  <nestedLevel>1</nestedLevel>
</record>
<record>
  <date>2019-08-22T09:02:33</date>
  <millis>1566441153846</millis>
  <sequence>189</sequence>
  <level>PASSED</level>
  <class>com.kms.katalon.core.logging.XmlKeywordLogger</class>
  <method>logMessage</method>
  <thread>1</thread>
  <message>Object &amp;apos;Object Repository/ProcessApprovalConfirmation/ListTaskID_txt&amp;apos; is visible</message>
  <nestedLevel>1</nestedLevel>
</record>
<record>
  <date>2019-08-22T09:02:34</date>
  <millis>1566441154745</millis>
  <sequence>200</sequence>
  <level>PASSED</level>
  <class>com.kms.katalon.core.logging.XmlKeywordLogger</class>
  <method>logMessage</method>
  <thread>1</thread>
  <message>Object &amp;apos;Object Repository/ProcessApprovalConfirmation/ListTaskID_rdo&amp;apos; is visible</message>
  <nestedLevel>1</nestedLevel>
</record>
<record>
  <date>2019-08-22T09:02:34</date>
  <millis>1566441154963</millis>
  <sequence>210</sequence>
  <level>PASSED</level>
  <class>com.kms.katalon.core.logging.XmlKeywordLogger</class>
  <method>logMessage</method>
  <thread>1</thread>
  <message>Object &amp;apos;Object Repository/ProcessApprovalConfirmation/ListTaskID_rdo&amp;apos; is present</message>
  <nestedLevel>1</nestedLevel>
</record>
<record>
  <date>2019-08-22T09:02:35</date>
  <millis>1566441155793</millis>
  <sequence>217</sequence>
  <level>PASSED</level>
  <class>com.kms.katalon.core.logging.XmlKeywordLogger</class>
  <method>logMessage</method>
  <thread>1</thread>
  <message>Object &amp;apos;Object Repository/ProcessApprovalConfirmation/ListTaskID_txt&amp;apos; is visible</message>
  <nestedLevel>1</nestedLevel>
</record>
<record>
  <date>2019-08-22T09:02:36</date>
  <millis>1566441156700</millis>
  <sequence>228</sequence>
  <level>PASSED</level>
  <class>com.kms.katalon.core.logging.XmlKeywordLogger</class>
  <method>logMessage</method>
  <thread>1</thread>
  <message>Object &amp;apos;Object Repository/ProcessApprovalConfirmation/ListTaskID_rdo&amp;apos; is visible</message>
  <nestedLevel>1</nestedLevel>
</record>
<record>
  <date>2019-08-22T09:02:36</date>
  <millis>1566441156989</millis>
  <sequence>235</sequence>
  <level>PASSED</level>
  <class>com.kms.katalon.core.logging.XmlKeywordLogger</class>
  <method>logMessage</method>
  <thread>1</thread>
  <message>Object &amp;apos;Object Repository/ProcessApprovalConfirmation/ListTaskID_rdo&amp;apos; is clickable</message>
  <nestedLevel>1</nestedLevel>
</record>
<record>
  <date>2019-08-22T09:02:37</date>
  <millis>1566441157360</millis>
  <sequence>246</sequence>
  <level>PASSED</level>
  <class>com.kms.katalon.core.logging.XmlKeywordLogger</class>
  <method>logMessage</method>
  <thread>1</thread>
  <message>Text of object &amp;apos;Object Repository/NotificationPage/TaskDescription_txt&amp;apos; is: &amp;apos;Supervisor Authorization required for Party Onboarding&amp;apos;</message>
  <nestedLevel>1</nestedLevel>
</record>
<record>
  <date>2019-08-22T09:02:38</date>
  <millis>1566441158229</millis>
  <sequence>253</sequence>
  <level>PASSED</level>
  <class>com.kms.katalon.core.logging.XmlKeywordLogger</class>
  <method>logMessage</method>
  <thread>1</thread>
  <message>Object &amp;apos;Object Repository/PartyOnboarding/btn_Next&amp;apos; is visible</message>
  <nestedLevel>1</nestedLevel>
</record>
<record>
  <date>2019-08-22T09:02:38</date>
  <millis>1566441158439</millis>
  <sequence>260</sequence>
  <level>PASSED</level>
  <class>com.kms.katalon.core.logging.XmlKeywordLogger</class>
  <method>logMessage</method>
  <thread>1</thread>
  <message>Object: &amp;apos;Object Repository/PartyOnboarding/btn_Next&amp;apos; is clicked on</message>
  <nestedLevel>1</nestedLevel>
</record>
<record>
  <date>2019-08-22T09:02:39</date>
  <millis>1566441159715</millis>
  <sequence>266</sequence>
  <level>PASSED</level>
  <class>com.kms.katalon.core.logging.XmlKeywordLogger</class>
  <method>logMessage</method>
  <thread>1</thread>
  <message>Object &amp;apos;Object Repository/ProcessApprovalConfirmation/chk_TickToDenoteCompliance&amp;apos; is present</message>
  <nestedLevel>1</nestedLevel>
</record>
<record>
  <date>2019-08-22T09:02:39</date>
  <millis>1566441159876</millis>
  <sequence>270</sequence>
  <level>PASSED</level>
  <class>com.kms.katalon.core.logging.XmlKeywordLogger</class>
  <method>logMessage</method>
  <thread>1</thread>
  <message>Execute JavaScript &amp;apos;arguments[0].click();&amp;apos; successfully</message>
  <nestedLevel>1</nestedLevel>
</record>
<record>
  <date>2019-08-22T09:02:40</date>
  <millis>1566441160732</millis>
  <sequence>277</sequence>
  <level>PASSED</level>
  <class>com.kms.katalon.core.logging.XmlKeywordLogger</class>
  <method>logMessage</method>
  <thread>1</thread>
  <message>Object &amp;apos;Object Repository/PartyOnboarding/btn_Next&amp;apos; is visible</message>
  <nestedLevel>1</nestedLevel>
</record>
<record>
  <date>2019-08-22T09:02:40</date>
  <millis>1566441160874</millis>
  <sequence>282</sequence>
  <level>PASSED</level>
  <class>com.kms.katalon.core.logging.XmlKeywordLogger</class>
  <method>logMessage</method>
  <thread>1</thread>
  <message>Execute JavaScript &amp;apos;arguments[0].click();&amp;apos; successfully</message>
  <nestedLevel>1</nestedLevel>
</record>
