<?xml version="1.0" encoding="UTF-8" standalone="no"?>
<!DOCTYPE log SYSTEM "logger.dtd">
<log>
<record>
  <date>2019-08-22T19:01:17</date>
  <millis>1566477077510</millis>
  <sequence>0</sequence>
  <level>START</level>
  <class>com.kms.katalon.core.logging.XmlKeywordLogger</class>
  <method>startSuite</method>
  <thread>1</thread>
  <message>Start Test Suite : Test Suites/DataPreparation/PartyOnboardingPersonal</message>
  <nestedLevel>0</nestedLevel>
  <property name="name">PartyOnboardingPersonal</property>
  <property name="description"></property>
  <property name="id">Test Suites/DataPreparation/PartyOnboardingPersonal</property>
</record>
<record>
  <date>2019-08-22T19:01:17</date>
  <millis>1566477077530</millis>
  <sequence>1</sequence>
  <level>RUN_DATA</level>
  <class>com.kms.katalon.core.logging.XmlKeywordLogger</class>
  <method>logMessage</method>
  <thread>1</thread>
  <message>hostName = HP - CNU406BFVL</message>
  <nestedLevel>0</nestedLevel>
  <property name="hostName">HP - CNU406BFVL</property>
</record>
<record>
  <date>2019-08-22T19:01:17</date>
  <millis>1566477077530</millis>
  <sequence>2</sequence>
  <level>RUN_DATA</level>
  <class>com.kms.katalon.core.logging.XmlKeywordLogger</class>
  <method>logMessage</method>
  <thread>1</thread>
  <message>os = Windows 7 64bit</message>
  <nestedLevel>0</nestedLevel>
  <property name="os">Windows 7 64bit</property>
</record>
<record>
  <date>2019-08-22T19:01:17</date>
  <millis>1566477077531</millis>
  <sequence>3</sequence>
  <level>RUN_DATA</level>
  <class>com.kms.katalon.core.logging.XmlKeywordLogger</class>
  <method>logMessage</method>
  <thread>1</thread>
  <message>hostAddress = 10.9.13.62</message>
  <nestedLevel>0</nestedLevel>
  <property name="hostAddress">10.9.13.62</property>
</record>
<record>
  <date>2019-08-22T19:01:17</date>
  <millis>1566477077532</millis>
  <sequence>4</sequence>
  <level>RUN_DATA</level>
  <class>com.kms.katalon.core.logging.XmlKeywordLogger</class>
  <method>logMessage</method>
  <thread>1</thread>
  <message>katalonVersion = 6.2.2.4</message>
  <nestedLevel>0</nestedLevel>
  <property name="katalonVersion">6.2.2.4</property>
</record>
<record>
  <date>2019-08-22T19:01:17</date>
  <millis>1566477077816</millis>
  <sequence>5</sequence>
  <level>START</level>
  <class>com.kms.katalon.core.logging.XmlKeywordLogger</class>
  <method>startTest</method>
  <thread>1</thread>
  <message>Start Test Case : Test Cases/Login</message>
  <nestedLevel>1</nestedLevel>
  <property name="name">Test Cases/Login</property>
  <property name="description">user: user31\nPass: user31</property>
  <property name="id">Test Cases/Login</property>
  <property name="source">C:\\ML\\JITS\\AYA\\Automation\\FBE\\FBE\\Test Cases\\Login.tc</property>
  <property name="tag"></property>
  <property name="isOptional">false</property>
</record>
<record>
  <date>2019-08-22T19:01:17</date>
  <millis>1566477077862</millis>
  <sequence>7</sequence>
  <level>INFO</level>
  <class>com.kms.katalon.core.logging.XmlKeywordLogger</class>
  <method>logMessage</method>
  <thread>1</thread>
  <message>url = http://172.24.192.30:9080/uxp/rt/html/layout.html?locale=en-gb</message>
  <nestedLevel>1</nestedLevel>
</record>
<record>
  <date>2019-08-22T19:01:17</date>
  <millis>1566477077863</millis>
  <sequence>8</sequence>
  <level>INFO</level>
  <class>com.kms.katalon.core.logging.XmlKeywordLogger</class>
  <method>logMessage</method>
  <thread>1</thread>
  <message>username = br1user006</message>
  <nestedLevel>1</nestedLevel>
</record>
<record>
  <date>2019-08-22T19:01:17</date>
  <millis>1566477077864</millis>
  <sequence>9</sequence>
  <level>INFO</level>
  <class>com.kms.katalon.core.logging.XmlKeywordLogger</class>
  <method>logMessage</method>
  <thread>1</thread>
  <message>password = User006!@#</message>
  <nestedLevel>1</nestedLevel>
</record>
<record>
  <date>2019-08-22T19:01:17</date>
  <millis>1566477077984</millis>
  <sequence>10</sequence>
  <level>INFO</level>
  <class>com.kms.katalon.core.logging.XmlKeywordLogger</class>
  <method>logMessage</method>
  <thread>1</thread>
  <message>(Default) active = Yes</message>
  <nestedLevel>1</nestedLevel>
</record>
<record>
  <date>2019-08-22T19:01:17</date>
  <millis>1566477077993</millis>
  <sequence>11</sequence>
  <level>START</level>
  <class>com.kms.katalon.core.logging.XmlKeywordLogger</class>
  <method>startKeyword</method>
  <thread>1</thread>
  <message>Start listener action : sampleBeforeTestCase</message>
  <nestedLevel>1</nestedLevel>
</record>
<record>
  <date>2019-08-22T19:01:18</date>
  <millis>1566477078022</millis>
  <sequence>13</sequence>
  <level>START</level>
  <class>com.kms.katalon.core.logging.XmlKeywordLogger</class>
  <method>startKeyword</method>
  <thread>1</thread>
  <message>Start action : testCaseID = testCaseContext.getTestCaseId()</message>
  <nestedLevel>1</nestedLevel>
  <property name="startLine">32</property>
  <property name="stepIndex">1</property>
</record>
<record>
  <date>2019-08-22T19:01:18</date>
  <millis>1566477078283</millis>
  <sequence>15</sequence>
  <level>END</level>
  <class>com.kms.katalon.core.logging.XmlKeywordLogger</class>
  <method>endKeyword</method>
  <thread>1</thread>
  <message>End action : testCaseID = testCaseContext.getTestCaseId()</message>
  <nestedLevel>1</nestedLevel>
</record>
<record>
  <date>2019-08-22T19:01:18</date>
  <millis>1566477078284</millis>
  <sequence>16</sequence>
  <level>END</level>
  <class>com.kms.katalon.core.logging.XmlKeywordLogger</class>
  <method>endKeyword</method>
  <thread>1</thread>
  <message>End listener action : sampleBeforeTestCase</message>
  <nestedLevel>1</nestedLevel>
</record>
<record>
  <date>2019-08-22T19:01:18</date>
  <millis>1566477078570</millis>
  <sequence>17</sequence>
  <level>START</level>
  <class>com.kms.katalon.core.logging.XmlKeywordLogger</class>
  <method>startKeyword</method>
  <thread>1</thread>
  <message>Start action : logger = new com.kms.katalon.core.util.KeywordUtil()</message>
  <nestedLevel>1</nestedLevel>
  <property name="startLine">26</property>
  <property name="stepIndex">1</property>
</record>
<record>
  <date>2019-08-22T19:01:18</date>
  <millis>1566477078577</millis>
  <sequence>18</sequence>
  <level>END</level>
  <class>com.kms.katalon.core.logging.XmlKeywordLogger</class>
  <method>endKeyword</method>
  <thread>1</thread>
  <message>End action : logger = new com.kms.katalon.core.util.KeywordUtil()</message>
  <nestedLevel>1</nestedLevel>
</record>
<record>
  <date>2019-08-22T19:01:18</date>
  <millis>1566477078580</millis>
  <sequence>19</sequence>
  <level>START</level>
  <class>com.kms.katalon.core.logging.XmlKeywordLogger</class>
  <method>startKeyword</method>
  <thread>1</thread>
  <message>Start action : loginPage = new pageObjects.LoginPage()</message>
  <nestedLevel>1</nestedLevel>
  <property name="startLine">28</property>
  <property name="stepIndex">2</property>
</record>
<record>
  <date>2019-08-22T19:01:18</date>
  <millis>1566477078613</millis>
  <sequence>20</sequence>
  <level>END</level>
  <class>com.kms.katalon.core.logging.XmlKeywordLogger</class>
  <method>endKeyword</method>
  <thread>1</thread>
  <message>End action : loginPage = new pageObjects.LoginPage()</message>
  <nestedLevel>1</nestedLevel>
</record>
<record>
  <date>2019-08-22T19:01:18</date>
  <millis>1566477078614</millis>
  <sequence>21</sequence>
  <level>START</level>
  <class>com.kms.katalon.core.logging.XmlKeywordLogger</class>
  <method>startKeyword</method>
  <thread>1</thread>
  <message>Start action : logger.logInfo(\&amp;quot;Login - Step01 - Open browser\&amp;quot;)</message>
  <nestedLevel>1</nestedLevel>
  <property name="startLine">30</property>
  <property name="stepIndex">3</property>
</record>
<record>
  <date>2019-08-22T19:01:18</date>
  <millis>1566477078616</millis>
  <sequence>22</sequence>
  <level>INFO</level>
  <class>com.kms.katalon.core.logging.XmlKeywordLogger</class>
  <method>logMessage</method>
  <thread>1</thread>
  <message>Login - Step01 - Open browser</message>
  <nestedLevel>1</nestedLevel>
</record>
<record>
  <date>2019-08-22T19:01:18</date>
  <millis>1566477078617</millis>
  <sequence>23</sequence>
  <level>END</level>
  <class>com.kms.katalon.core.logging.XmlKeywordLogger</class>
  <method>endKeyword</method>
  <thread>1</thread>
  <message>End action : logger.logInfo(\&amp;quot;Login - Step01 - Open browser\&amp;quot;)</message>
  <nestedLevel>1</nestedLevel>
</record>
<record>
  <date>2019-08-22T19:01:18</date>
  <millis>1566477078618</millis>
  <sequence>24</sequence>
  <level>START</level>
  <class>com.kms.katalon.core.logging.XmlKeywordLogger</class>
  <method>startKeyword</method>
  <thread>1</thread>
  <message>Start action : loginPage.openBrowser(url, active)</message>
  <nestedLevel>1</nestedLevel>
  <property name="startLine">31</property>
  <property name="stepIndex">4</property>
</record>
<record>
  <date>2019-08-22T19:01:18</date>
  <millis>1566477078948</millis>
  <sequence>26</sequence>
  <level>INFO</level>
  <class>com.kms.katalon.core.logging.XmlKeywordLogger</class>
  <method>logMessage</method>
  <thread>1</thread>
  <message>Starting &amp;apos;Chrome&amp;apos; driver</message>
  <nestedLevel>1</nestedLevel>
</record>
<record>
  <date>2019-08-22T19:01:19</date>
  <millis>1566477079012</millis>
  <sequence>28</sequence>
  <level>INFO</level>
  <class>com.kms.katalon.core.logging.XmlKeywordLogger</class>
  <method>logMessage</method>
  <thread>1</thread>
  <message>Action delay is set to 0 seconds</message>
  <nestedLevel>1</nestedLevel>
</record>
<record>
  <date>2019-08-22T19:01:23</date>
  <millis>1566477083009</millis>
  <sequence>30</sequence>
  <level>RUN_DATA</level>
  <class>com.kms.katalon.core.logging.XmlKeywordLogger</class>
  <method>logMessage</method>
  <thread>1</thread>
  <message>sessionId = 04ded2cf2121d565d6e9847d40a0efd9</message>
  <nestedLevel>1</nestedLevel>
  <property name="sessionId">04ded2cf2121d565d6e9847d40a0efd9</property>
</record>
<record>
  <date>2019-08-22T19:01:23</date>
  <millis>1566477083049</millis>
  <sequence>31</sequence>
  <level>RUN_DATA</level>
  <class>com.kms.katalon.core.logging.XmlKeywordLogger</class>
  <method>logMessage</method>
  <thread>1</thread>
  <message>browser = Chrome 76.0.3809.100</message>
  <nestedLevel>1</nestedLevel>
  <property name="browser">Chrome 76.0.3809.100</property>
</record>
<record>
  <date>2019-08-22T19:01:23</date>
  <millis>1566477083051</millis>
  <sequence>32</sequence>
  <level>RUN_DATA</level>
  <class>com.kms.katalon.core.logging.XmlKeywordLogger</class>
  <method>logMessage</method>
  <thread>1</thread>
  <message>platform = Windows 7</message>
  <nestedLevel>1</nestedLevel>
  <property name="platform">Windows 7</property>
</record>
<record>
  <date>2019-08-22T19:01:23</date>
  <millis>1566477083051</millis>
  <sequence>33</sequence>
  <level>RUN_DATA</level>
  <class>com.kms.katalon.core.logging.XmlKeywordLogger</class>
  <method>logMessage</method>
  <thread>1</thread>
  <message>seleniumVersion = 3.141.59</message>
  <nestedLevel>1</nestedLevel>
  <property name="seleniumVersion">3.141.59</property>
</record>
<record>
  <date>2019-08-22T19:01:23</date>
  <millis>1566477083053</millis>
  <sequence>34</sequence>
  <level>RUN_DATA</level>
  <class>com.kms.katalon.core.logging.XmlKeywordLogger</class>
  <method>logMessage</method>
  <thread>1</thread>
  <message>proxyInformation = ProxyInformation{proxyOption=NO_PROXY, proxyServerType=HTTP, password=, proxyServerAddress=, proxyServerPort=0}</message>
  <nestedLevel>1</nestedLevel>
  <property name="proxyInformation">ProxyInformation{proxyOption=NO_PROXY, proxyServerType=HTTP, password=, proxyServerAddress=, proxyServerPort=0}</property>
</record>
<record>
  <date>2019-08-22T19:01:28</date>
  <millis>1566477088365</millis>
  <sequence>36</sequence>
  <level>PASSED</level>
  <class>com.kms.katalon.core.logging.XmlKeywordLogger</class>
  <method>logMessage</method>
  <thread>1</thread>
  <message>Browser is opened with url: &amp;apos;http://172.24.192.30:9080/uxp/rt/html/layout.html?locale=en-gb&amp;apos;</message>
  <nestedLevel>1</nestedLevel>
</record>
<record>
  <date>2019-08-22T19:01:29</date>
  <millis>1566477089858</millis>
  <sequence>38</sequence>
  <level>PASSED</level>
  <class>com.kms.katalon.core.logging.XmlKeywordLogger</class>
  <method>logMessage</method>
  <thread>1</thread>
  <message>Current window maximized</message>
  <nestedLevel>1</nestedLevel>
</record>
<record>
  <date>2019-08-22T19:01:29</date>
  <millis>1566477089858</millis>
  <sequence>39</sequence>
  <level>END</level>
  <class>com.kms.katalon.core.logging.XmlKeywordLogger</class>
  <method>endKeyword</method>
  <thread>1</thread>
  <message>End action : loginPage.openBrowser(url, active)</message>
  <nestedLevel>1</nestedLevel>
</record>
<record>
  <date>2019-08-22T19:01:29</date>
  <millis>1566477089859</millis>
  <sequence>40</sequence>
  <level>START</level>
  <class>com.kms.katalon.core.logging.XmlKeywordLogger</class>
  <method>startKeyword</method>
  <thread>1</thread>
  <message>Start action : logger.logInfo(\&amp;quot;Login - Step02 - Input Username\&amp;quot;)</message>
  <nestedLevel>1</nestedLevel>
  <property name="startLine">33</property>
  <property name="stepIndex">5</property>
</record>
<record>
  <date>2019-08-22T19:01:29</date>
  <millis>1566477089860</millis>
  <sequence>41</sequence>
  <level>INFO</level>
  <class>com.kms.katalon.core.logging.XmlKeywordLogger</class>
  <method>logMessage</method>
  <thread>1</thread>
  <message>Login - Step02 - Input Username</message>
  <nestedLevel>1</nestedLevel>
</record>
<record>
  <date>2019-08-22T19:01:29</date>
  <millis>1566477089861</millis>
  <sequence>42</sequence>
  <level>END</level>
  <class>com.kms.katalon.core.logging.XmlKeywordLogger</class>
  <method>endKeyword</method>
  <thread>1</thread>
  <message>End action : logger.logInfo(\&amp;quot;Login - Step02 - Input Username\&amp;quot;)</message>
  <nestedLevel>1</nestedLevel>
</record>
<record>
  <date>2019-08-22T19:01:29</date>
  <millis>1566477089861</millis>
  <sequence>43</sequence>
  <level>START</level>
  <class>com.kms.katalon.core.logging.XmlKeywordLogger</class>
  <method>startKeyword</method>
  <thread>1</thread>
  <message>Start action : loginPage.inputUsername(username, active)</message>
  <nestedLevel>1</nestedLevel>
  <property name="startLine">34</property>
  <property name="stepIndex">6</property>
</record>
<record>
  <date>2019-08-22T19:01:29</date>
  <millis>1566477089966</millis>
  <sequence>49</sequence>
  <level>PASSED</level>
  <class>com.kms.katalon.core.logging.XmlKeywordLogger</class>
  <method>logMessage</method>
  <thread>1</thread>
  <message>Object &amp;apos;Object Repository/LogIn/input_Username_user&amp;apos; is present</message>
  <nestedLevel>1</nestedLevel>
</record>
<record>
  <date>2019-08-22T19:01:30</date>
  <millis>1566477090147</millis>
  <sequence>55</sequence>
  <level>PASSED</level>
  <class>com.kms.katalon.core.logging.XmlKeywordLogger</class>
  <method>logMessage</method>
  <thread>1</thread>
  <message>Keys &amp;apos;br1user006&amp;apos; sent to object: &amp;apos;Object Repository/LogIn/input_Username_user&amp;apos;</message>
  <nestedLevel>1</nestedLevel>
</record>
<record>
  <date>2019-08-22T19:01:30</date>
  <millis>1566477090148</millis>
  <sequence>56</sequence>
  <level>END</level>
  <class>com.kms.katalon.core.logging.XmlKeywordLogger</class>
  <method>endKeyword</method>
  <thread>1</thread>
  <message>End action : loginPage.inputUsername(username, active)</message>
  <nestedLevel>1</nestedLevel>
</record>
<record>
  <date>2019-08-22T19:01:30</date>
  <millis>1566477090148</millis>
  <sequence>57</sequence>
  <level>START</level>
  <class>com.kms.katalon.core.logging.XmlKeywordLogger</class>
  <method>startKeyword</method>
  <thread>1</thread>
  <message>Start action : logger.logInfo(\&amp;quot;Login - Step03 - Input Password\&amp;quot;)</message>
  <nestedLevel>1</nestedLevel>
  <property name="startLine">36</property>
  <property name="stepIndex">7</property>
</record>
<record>
  <date>2019-08-22T19:01:30</date>
  <millis>1566477090149</millis>
  <sequence>58</sequence>
  <level>INFO</level>
  <class>com.kms.katalon.core.logging.XmlKeywordLogger</class>
  <method>logMessage</method>
  <thread>1</thread>
  <message>Login - Step03 - Input Password</message>
  <nestedLevel>1</nestedLevel>
</record>
<record>
  <date>2019-08-22T19:01:30</date>
  <millis>1566477090149</millis>
  <sequence>59</sequence>
  <level>END</level>
  <class>com.kms.katalon.core.logging.XmlKeywordLogger</class>
  <method>endKeyword</method>
  <thread>1</thread>
  <message>End action : logger.logInfo(\&amp;quot;Login - Step03 - Input Password\&amp;quot;)</message>
  <nestedLevel>1</nestedLevel>
</record>
<record>
  <date>2019-08-22T19:01:30</date>
  <millis>1566477090150</millis>
  <sequence>60</sequence>
  <level>START</level>
  <class>com.kms.katalon.core.logging.XmlKeywordLogger</class>
  <method>startKeyword</method>
  <thread>1</thread>
  <message>Start action : loginPage.inputPassword(password, active)</message>
  <nestedLevel>1</nestedLevel>
  <property name="startLine">37</property>
  <property name="stepIndex">8</property>
</record>
<record>
  <date>2019-08-22T19:01:30</date>
  <millis>1566477090222</millis>
  <sequence>66</sequence>
  <level>PASSED</level>
  <class>com.kms.katalon.core.logging.XmlKeywordLogger</class>
  <method>logMessage</method>
  <thread>1</thread>
  <message>Object &amp;apos;Object Repository/LogIn/input_Password_pwd&amp;apos; is present</message>
  <nestedLevel>1</nestedLevel>
</record>
<record>
  <date>2019-08-22T19:01:30</date>
  <millis>1566477090341</millis>
  <sequence>72</sequence>
  <level>PASSED</level>
  <class>com.kms.katalon.core.logging.XmlKeywordLogger</class>
  <method>logMessage</method>
  <thread>1</thread>
  <message>Keys &amp;apos;User006!@#&amp;apos; sent to object: &amp;apos;Object Repository/LogIn/input_Password_pwd&amp;apos;</message>
  <nestedLevel>1</nestedLevel>
</record>
<record>
  <date>2019-08-22T19:01:30</date>
  <millis>1566477090343</millis>
  <sequence>73</sequence>
  <level>END</level>
  <class>com.kms.katalon.core.logging.XmlKeywordLogger</class>
  <method>endKeyword</method>
  <thread>1</thread>
  <message>End action : loginPage.inputPassword(password, active)</message>
  <nestedLevel>1</nestedLevel>
</record>
<record>
  <date>2019-08-22T19:01:30</date>
  <millis>1566477090343</millis>
  <sequence>74</sequence>
  <level>START</level>
  <class>com.kms.katalon.core.logging.XmlKeywordLogger</class>
  <method>startKeyword</method>
  <thread>1</thread>
  <message>Start action : logger.logInfo(\&amp;quot;Login - Step04 - Click Sign In button\&amp;quot;)</message>
  <nestedLevel>1</nestedLevel>
  <property name="startLine">39</property>
  <property name="stepIndex">9</property>
</record>
<record>
  <date>2019-08-22T19:01:30</date>
  <millis>1566477090346</millis>
  <sequence>75</sequence>
  <level>INFO</level>
  <class>com.kms.katalon.core.logging.XmlKeywordLogger</class>
  <method>logMessage</method>
  <thread>1</thread>
  <message>Login - Step04 - Click Sign In button</message>
  <nestedLevel>1</nestedLevel>
</record>
<record>
  <date>2019-08-22T19:01:30</date>
  <millis>1566477090348</millis>
  <sequence>76</sequence>
  <level>END</level>
  <class>com.kms.katalon.core.logging.XmlKeywordLogger</class>
  <method>endKeyword</method>
  <thread>1</thread>
  <message>End action : logger.logInfo(\&amp;quot;Login - Step04 - Click Sign In button\&amp;quot;)</message>
  <nestedLevel>1</nestedLevel>
</record>
<record>
  <date>2019-08-22T19:01:30</date>
  <millis>1566477090348</millis>
  <sequence>77</sequence>
  <level>START</level>
  <class>com.kms.katalon.core.logging.XmlKeywordLogger</class>
  <method>startKeyword</method>
  <thread>1</thread>
  <message>Start action : loginPage.clickSingin(active)</message>
  <nestedLevel>1</nestedLevel>
  <property name="startLine">40</property>
  <property name="stepIndex">10</property>
</record>
<record>
  <date>2019-08-22T19:01:30</date>
  <millis>1566477090403</millis>
  <sequence>83</sequence>
  <level>PASSED</level>
  <class>com.kms.katalon.core.logging.XmlKeywordLogger</class>
  <method>logMessage</method>
  <thread>1</thread>
  <message>Object &amp;apos;Object Repository/LogIn/input_Password_login&amp;apos; is present</message>
  <nestedLevel>1</nestedLevel>
</record>
<record>
  <date>2019-08-22T19:01:31</date>
  <millis>1566477091953</millis>
  <sequence>90</sequence>
  <level>PASSED</level>
  <class>com.kms.katalon.core.logging.XmlKeywordLogger</class>
  <method>logMessage</method>
  <thread>1</thread>
  <message>Object: &amp;apos;Object Repository/LogIn/input_Password_login&amp;apos; is clicked on</message>
  <nestedLevel>1</nestedLevel>
</record>
<record>
  <date>2019-08-22T19:01:31</date>
  <millis>1566477091954</millis>
  <sequence>91</sequence>
  <level>END</level>
  <class>com.kms.katalon.core.logging.XmlKeywordLogger</class>
  <method>endKeyword</method>
  <thread>1</thread>
  <message>End action : loginPage.clickSingin(active)</message>
  <nestedLevel>1</nestedLevel>
</record>
<record>
  <date>2019-08-22T19:01:31</date>
  <millis>1566477091954</millis>
  <sequence>92</sequence>
  <level>START</level>
  <class>com.kms.katalon.core.logging.XmlKeywordLogger</class>
  <method>startKeyword</method>
  <thread>1</thread>
  <message>Start action : logger.logInfo(\&amp;quot;Login - wait load page\&amp;quot;)</message>
  <nestedLevel>1</nestedLevel>
  <property name="startLine">42</property>
  <property name="stepIndex">11</property>
</record>
<record>
  <date>2019-08-22T19:01:31</date>
  <millis>1566477091955</millis>
  <sequence>93</sequence>
  <level>INFO</level>
  <class>com.kms.katalon.core.logging.XmlKeywordLogger</class>
  <method>logMessage</method>
  <thread>1</thread>
  <message>Login - wait load page</message>
  <nestedLevel>1</nestedLevel>
</record>
<record>
  <date>2019-08-22T19:01:31</date>
  <millis>1566477091956</millis>
  <sequence>94</sequence>
  <level>END</level>
  <class>com.kms.katalon.core.logging.XmlKeywordLogger</class>
  <method>endKeyword</method>
  <thread>1</thread>
  <message>End action : logger.logInfo(\&amp;quot;Login - wait load page\&amp;quot;)</message>
  <nestedLevel>1</nestedLevel>
</record>
<record>
  <date>2019-08-22T19:01:31</date>
  <millis>1566477091956</millis>
  <sequence>95</sequence>
  <level>START</level>
  <class>com.kms.katalon.core.logging.XmlKeywordLogger</class>
  <method>startKeyword</method>
  <thread>1</thread>
  <message>Start action : loginPage.waitLoadPage(active)</message>
  <nestedLevel>1</nestedLevel>
  <property name="startLine">43</property>
  <property name="stepIndex">12</property>
</record>
<record>
  <date>2019-08-22T19:01:32</date>
  <millis>1566477092057</millis>
  <sequence>97</sequence>
  <level>PASSED</level>
  <class>com.kms.katalon.core.logging.XmlKeywordLogger</class>
  <method>logMessage</method>
  <thread>1</thread>
  <message>Wait for page load successfully</message>
  <nestedLevel>1</nestedLevel>
</record>
<record>
  <date>2019-08-22T19:01:32</date>
  <millis>1566477092057</millis>
  <sequence>98</sequence>
  <level>END</level>
  <class>com.kms.katalon.core.logging.XmlKeywordLogger</class>
  <method>endKeyword</method>
  <thread>1</thread>
  <message>End action : loginPage.waitLoadPage(active)</message>
  <nestedLevel>1</nestedLevel>
</record>
<record>
  <date>2019-08-22T19:01:32</date>
  <millis>1566477092058</millis>
  <sequence>99</sequence>
  <level>PASSED</level>
  <class>com.kms.katalon.core.logging.XmlKeywordLogger</class>
  <method>logMessage</method>
  <thread>1</thread>
  <message>Test Cases/Login</message>
  <nestedLevel>1</nestedLevel>
</record>
<record>
  <date>2019-08-22T19:01:32</date>
  <millis>1566477092058</millis>
  <sequence>100</sequence>
  <level>END</level>
  <class>com.kms.katalon.core.logging.XmlKeywordLogger</class>
  <method>endTest</method>
  <thread>1</thread>
  <message>End Test Case : Test Cases/Login</message>
  <nestedLevel>0</nestedLevel>
</record>
<record>
  <date>2019-08-22T19:01:32</date>
  <millis>1566477092071</millis>
  <sequence>101</sequence>
  <level>START</level>
  <class>com.kms.katalon.core.logging.XmlKeywordLogger</class>
  <method>startTest</method>
  <thread>1</thread>
  <message>Start Test Case : Test Cases/DataPreparation/PartyOnboardingPersonal</message>
  <nestedLevel>1</nestedLevel>
  <property name="name">Test Cases/DataPreparation/PartyOnboardingPersonal</property>
  <property name="description">Data Preparation</property>
  <property name="id">Test Cases/DataPreparation/PartyOnboardingPersonal</property>
  <property name="source">C:\\ML\\JITS\\AYA\\Automation\\FBE\\FBE\\Test Cases\\DataPreparation\\PartyOnboardingPersonal.tc</property>
  <property name="tag"></property>
  <property name="isOptional">false</property>
</record>
<record>
  <date>2019-08-22T19:01:32</date>
  <millis>1566477092144</millis>
  <sequence>103</sequence>
  <level>INFO</level>
  <class>com.kms.katalon.core.logging.XmlKeywordLogger</class>
  <method>logMessage</method>
  <thread>1</thread>
  <message>s05_localglobal = Local Private</message>
  <nestedLevel>1</nestedLevel>
</record>
<record>
  <date>2019-08-22T19:01:32</date>
  <millis>1566477092144</millis>
  <sequence>104</sequence>
  <level>INFO</level>
  <class>com.kms.katalon.core.logging.XmlKeywordLogger</class>
  <method>logMessage</method>
  <thread>1</thread>
  <message>s05_partytype = Personal</message>
  <nestedLevel>1</nestedLevel>
</record>
<record>
  <date>2019-08-22T19:01:32</date>
  <millis>1566477092145</millis>
  <sequence>105</sequence>
  <level>INFO</level>
  <class>com.kms.katalon.core.logging.XmlKeywordLogger</class>
  <method>logMessage</method>
  <thread>1</thread>
  <message>s05_partysubtype = Individual</message>
  <nestedLevel>1</nestedLevel>
</record>
<record>
  <date>2019-08-22T19:01:32</date>
  <millis>1566477092145</millis>
  <sequence>106</sequence>
  <level>INFO</level>
  <class>com.kms.katalon.core.logging.XmlKeywordLogger</class>
  <method>logMessage</method>
  <thread>1</thread>
  <message>s05_partycategory = Full</message>
  <nestedLevel>1</nestedLevel>
</record>
<record>
  <date>2019-08-22T19:01:32</date>
  <millis>1566477092145</millis>
  <sequence>107</sequence>
  <level>INFO</level>
  <class>com.kms.katalon.core.logging.XmlKeywordLogger</class>
  <method>logMessage</method>
  <thread>1</thread>
  <message>s05_lineofbusiness = All</message>
  <nestedLevel>1</nestedLevel>
</record>
<record>
  <date>2019-08-22T19:01:32</date>
  <millis>1566477092146</millis>
  <sequence>108</sequence>
  <level>INFO</level>
  <class>com.kms.katalon.core.logging.XmlKeywordLogger</class>
  <method>logMessage</method>
  <thread>1</thread>
  <message>s08_firstname = ATO 0000001</message>
  <nestedLevel>1</nestedLevel>
</record>
<record>
  <date>2019-08-22T19:01:32</date>
  <millis>1566477092146</millis>
  <sequence>109</sequence>
  <level>INFO</level>
  <class>com.kms.katalon.core.logging.XmlKeywordLogger</class>
  <method>logMessage</method>
  <thread>1</thread>
  <message>s08_lastname = Nguyen</message>
  <nestedLevel>1</nestedLevel>
</record>
<record>
  <date>2019-08-22T19:01:32</date>
  <millis>1566477092146</millis>
  <sequence>110</sequence>
  <level>INFO</level>
  <class>com.kms.katalon.core.logging.XmlKeywordLogger</class>
  <method>logMessage</method>
  <thread>1</thread>
  <message>s08_dateofbirth = 12-17-1990</message>
  <nestedLevel>1</nestedLevel>
</record>
<record>
  <date>2019-08-22T19:01:32</date>
  <millis>1566477092147</millis>
  <sequence>111</sequence>
  <level>INFO</level>
  <class>com.kms.katalon.core.logging.XmlKeywordLogger</class>
  <method>logMessage</method>
  <thread>1</thread>
  <message>s08_nationalldType = Birth Certificate Number</message>
  <nestedLevel>1</nestedLevel>
</record>
<record>
  <date>2019-08-22T19:01:32</date>
  <millis>1566477092147</millis>
  <sequence>112</sequence>
  <level>INFO</level>
  <class>com.kms.katalon.core.logging.XmlKeywordLogger</class>
  <method>logMessage</method>
  <thread>1</thread>
  <message>s08_nationalldNo = 237516</message>
  <nestedLevel>1</nestedLevel>
</record>
<record>
  <date>2019-08-22T19:01:32</date>
  <millis>1566477092147</millis>
  <sequence>113</sequence>
  <level>INFO</level>
  <class>com.kms.katalon.core.logging.XmlKeywordLogger</class>
  <method>logMessage</method>
  <thread>1</thread>
  <message>s09_nationIdentifierType = Passport</message>
  <nestedLevel>1</nestedLevel>
</record>
<record>
  <date>2019-08-22T19:01:32</date>
  <millis>1566477092148</millis>
  <sequence>114</sequence>
  <level>INFO</level>
  <class>com.kms.katalon.core.logging.XmlKeywordLogger</class>
  <method>logMessage</method>
  <thread>1</thread>
  <message>s09_nationIdentifier = 12345601</message>
  <nestedLevel>1</nestedLevel>
</record>
<record>
  <date>2019-08-22T19:01:32</date>
  <millis>1566477092148</millis>
  <sequence>115</sequence>
  <level>INFO</level>
  <class>com.kms.katalon.core.logging.XmlKeywordLogger</class>
  <method>logMessage</method>
  <thread>1</thread>
  <message>s09_title = Ms</message>
  <nestedLevel>1</nestedLevel>
</record>
<record>
  <date>2019-08-22T19:01:32</date>
  <millis>1566477092148</millis>
  <sequence>116</sequence>
  <level>INFO</level>
  <class>com.kms.katalon.core.logging.XmlKeywordLogger</class>
  <method>logMessage</method>
  <thread>1</thread>
  <message>s09_employmentStatus = Student</message>
  <nestedLevel>1</nestedLevel>
</record>
<record>
  <date>2019-08-22T19:01:32</date>
  <millis>1566477092149</millis>
  <sequence>117</sequence>
  <level>INFO</level>
  <class>com.kms.katalon.core.logging.XmlKeywordLogger</class>
  <method>logMessage</method>
  <thread>1</thread>
  <message>s09_gender = Female</message>
  <nestedLevel>1</nestedLevel>
</record>
<record>
  <date>2019-08-22T19:01:32</date>
  <millis>1566477092149</millis>
  <sequence>118</sequence>
  <level>INFO</level>
  <class>com.kms.katalon.core.logging.XmlKeywordLogger</class>
  <method>logMessage</method>
  <thread>1</thread>
  <message>s09_civilStatus = Single</message>
  <nestedLevel>1</nestedLevel>
</record>
<record>
  <date>2019-08-22T19:01:32</date>
  <millis>1566477092150</millis>
  <sequence>119</sequence>
  <level>INFO</level>
  <class>com.kms.katalon.core.logging.XmlKeywordLogger</class>
  <method>logMessage</method>
  <thread>1</thread>
  <message>s09_motherMaidenName = Mother&amp;apos;s Name</message>
  <nestedLevel>1</nestedLevel>
</record>
<record>
  <date>2019-08-22T19:01:32</date>
  <millis>1566477092150</millis>
  <sequence>120</sequence>
  <level>INFO</level>
  <class>com.kms.katalon.core.logging.XmlKeywordLogger</class>
  <method>logMessage</method>
  <thread>1</thread>
  <message>s09_shortName = Le 11</message>
  <nestedLevel>1</nestedLevel>
</record>
<record>
  <date>2019-08-22T19:01:32</date>
  <millis>1566477092150</millis>
  <sequence>121</sequence>
  <level>INFO</level>
  <class>com.kms.katalon.core.logging.XmlKeywordLogger</class>
  <method>logMessage</method>
  <thread>1</thread>
  <message>s09_grandfatherName = Grandfatther</message>
  <nestedLevel>1</nestedLevel>
</record>
<record>
  <date>2019-08-22T19:01:32</date>
  <millis>1566477092151</millis>
  <sequence>122</sequence>
  <level>INFO</level>
  <class>com.kms.katalon.core.logging.XmlKeywordLogger</class>
  <method>logMessage</method>
  <thread>1</thread>
  <message>s09_nationality = Myanmar</message>
  <nestedLevel>1</nestedLevel>
</record>
<record>
  <date>2019-08-22T19:01:32</date>
  <millis>1566477092151</millis>
  <sequence>123</sequence>
  <level>INFO</level>
  <class>com.kms.katalon.core.logging.XmlKeywordLogger</class>
  <method>logMessage</method>
  <thread>1</thread>
  <message>s09_residentStatus = Diplomat</message>
  <nestedLevel>1</nestedLevel>
</record>
<record>
  <date>2019-08-22T19:01:32</date>
  <millis>1566477092151</millis>
  <sequence>124</sequence>
  <level>INFO</level>
  <class>com.kms.katalon.core.logging.XmlKeywordLogger</class>
  <method>logMessage</method>
  <thread>1</thread>
  <message>s09_taxIDNumber = 12345678</message>
  <nestedLevel>1</nestedLevel>
</record>
<record>
  <date>2019-08-22T19:01:32</date>
  <millis>1566477092152</millis>
  <sequence>125</sequence>
  <level>INFO</level>
  <class>com.kms.katalon.core.logging.XmlKeywordLogger</class>
  <method>logMessage</method>
  <thread>1</thread>
  <message>s09_religion = Christianity</message>
  <nestedLevel>1</nestedLevel>
</record>
<record>
  <date>2019-08-22T19:01:32</date>
  <millis>1566477092152</millis>
  <sequence>126</sequence>
  <level>INFO</level>
  <class>com.kms.katalon.core.logging.XmlKeywordLogger</class>
  <method>logMessage</method>
  <thread>1</thread>
  <message>s09_partyID = ATO000001</message>
  <nestedLevel>1</nestedLevel>
</record>
<record>
  <date>2019-08-22T19:01:32</date>
  <millis>1566477092152</millis>
  <sequence>127</sequence>
  <level>INFO</level>
  <class>com.kms.katalon.core.logging.XmlKeywordLogger</class>
  <method>logMessage</method>
  <thread>1</thread>
  <message>s10_addressType = Home Address | Office Address | Current Address</message>
  <nestedLevel>1</nestedLevel>
</record>
<record>
  <date>2019-08-22T19:01:32</date>
  <millis>1566477092153</millis>
  <sequence>128</sequence>
  <level>INFO</level>
  <class>com.kms.katalon.core.logging.XmlKeywordLogger</class>
  <method>logMessage</method>
  <thread>1</thread>
  <message>s10_userForCommunication = Yes | No | No</message>
  <nestedLevel>1</nestedLevel>
</record>
<record>
  <date>2019-08-22T19:01:32</date>
  <millis>1566477092153</millis>
  <sequence>129</sequence>
  <level>INFO</level>
  <class>com.kms.katalon.core.logging.XmlKeywordLogger</class>
  <method>logMessage</method>
  <thread>1</thread>
  <message>s10_validFrom = 2018-01-14  | 2018-01-17 | 2017-01-17</message>
  <nestedLevel>1</nestedLevel>
</record>
<record>
  <date>2019-08-22T19:01:32</date>
  <millis>1566477092153</millis>
  <sequence>130</sequence>
  <level>INFO</level>
  <class>com.kms.katalon.core.logging.XmlKeywordLogger</class>
  <method>logMessage</method>
  <thread>1</thread>
  <message>s11_contactMethod = Telephone | Mobile |  Email</message>
  <nestedLevel>1</nestedLevel>
</record>
<record>
  <date>2019-08-22T19:01:32</date>
  <millis>1566477092154</millis>
  <sequence>131</sequence>
  <level>INFO</level>
  <class>com.kms.katalon.core.logging.XmlKeywordLogger</class>
  <method>logMessage</method>
  <thread>1</thread>
  <message>s11_contactTypeLocation = Personal | Work | Personal</message>
  <nestedLevel>1</nestedLevel>
</record>
<record>
  <date>2019-08-22T19:01:32</date>
  <millis>1566477092154</millis>
  <sequence>132</sequence>
  <level>INFO</level>
  <class>com.kms.katalon.core.logging.XmlKeywordLogger</class>
  <method>logMessage</method>
  <thread>1</thread>
  <message>s11_contactCountryCode = +95 | +1</message>
  <nestedLevel>1</nestedLevel>
</record>
<record>
  <date>2019-08-22T19:01:32</date>
  <millis>1566477092154</millis>
  <sequence>133</sequence>
  <level>INFO</level>
  <class>com.kms.katalon.core.logging.XmlKeywordLogger</class>
  <method>logMessage</method>
  <thread>1</thread>
  <message>s11_contactAreaCode = </message>
  <nestedLevel>1</nestedLevel>
</record>
<record>
  <date>2019-08-22T19:01:32</date>
  <millis>1566477092155</millis>
  <sequence>134</sequence>
  <level>INFO</level>
  <class>com.kms.katalon.core.logging.XmlKeywordLogger</class>
  <method>logMessage</method>
  <thread>1</thread>
  <message>s11_contactNumber = 9697989901 | 12312313</message>
  <nestedLevel>1</nestedLevel>
</record>
<record>
  <date>2019-08-22T19:01:32</date>
  <millis>1566477092155</millis>
  <sequence>135</sequence>
  <level>INFO</level>
  <class>com.kms.katalon.core.logging.XmlKeywordLogger</class>
  <method>logMessage</method>
  <thread>1</thread>
  <message>s11_contactEmail =   | | nguyenthimyle@gmail.com</message>
  <nestedLevel>1</nestedLevel>
</record>
<record>
  <date>2019-08-22T19:01:32</date>
  <millis>1566477092155</millis>
  <sequence>136</sequence>
  <level>INFO</level>
  <class>com.kms.katalon.core.logging.XmlKeywordLogger</class>
  <method>logMessage</method>
  <thread>1</thread>
  <message>s11_confirmEmail =   | | nguyenthimyle@gmail.com</message>
  <nestedLevel>1</nestedLevel>
</record>
<record>
  <date>2019-08-22T19:01:32</date>
  <millis>1566477092156</millis>
  <sequence>137</sequence>
  <level>INFO</level>
  <class>com.kms.katalon.core.logging.XmlKeywordLogger</class>
  <method>logMessage</method>
  <thread>1</thread>
  <message>s11_validFrom = 2018-12-20 | 2018-01-24 | 2018-01-25</message>
  <nestedLevel>1</nestedLevel>
</record>
<record>
  <date>2019-08-22T19:01:32</date>
  <millis>1566477092156</millis>
  <sequence>138</sequence>
  <level>INFO</level>
  <class>com.kms.katalon.core.logging.XmlKeywordLogger</class>
  <method>logMessage</method>
  <thread>1</thread>
  <message>s12_documentCategory = PT-NRC</message>
  <nestedLevel>1</nestedLevel>
</record>
<record>
  <date>2019-08-22T19:01:32</date>
  <millis>1566477092156</millis>
  <sequence>139</sequence>
  <level>INFO</level>
  <class>com.kms.katalon.core.logging.XmlKeywordLogger</class>
  <method>logMessage</method>
  <thread>1</thread>
  <message>s12_kycExpired = 2021-08-04</message>
  <nestedLevel>1</nestedLevel>
</record>
<record>
  <date>2019-08-22T19:01:32</date>
  <millis>1566477092157</millis>
  <sequence>140</sequence>
  <level>INFO</level>
  <class>com.kms.katalon.core.logging.XmlKeywordLogger</class>
  <method>logMessage</method>
  <thread>1</thread>
  <message>s12_documentType = NRC</message>
  <nestedLevel>1</nestedLevel>
</record>
<record>
  <date>2019-08-22T19:01:32</date>
  <millis>1566477092157</millis>
  <sequence>141</sequence>
  <level>INFO</level>
  <class>com.kms.katalon.core.logging.XmlKeywordLogger</class>
  <method>logMessage</method>
  <thread>1</thread>
  <message>s12_validFrom = 2019-01-24</message>
  <nestedLevel>1</nestedLevel>
</record>
<record>
  <date>2019-08-22T19:01:32</date>
  <millis>1566477092168</millis>
  <sequence>142</sequence>
  <level>INFO</level>
  <class>com.kms.katalon.core.logging.XmlKeywordLogger</class>
  <method>logMessage</method>
  <thread>1</thread>
  <message>s12_validTo = </message>
  <nestedLevel>1</nestedLevel>
</record>
<record>
  <date>2019-08-22T19:01:32</date>
  <millis>1566477092169</millis>
  <sequence>143</sequence>
  <level>INFO</level>
  <class>com.kms.katalon.core.logging.XmlKeywordLogger</class>
  <method>logMessage</method>
  <thread>1</thread>
  <message>s12_referenceNumber = </message>
  <nestedLevel>1</nestedLevel>
</record>
<record>
  <date>2019-08-22T19:01:32</date>
  <millis>1566477092169</millis>
  <sequence>144</sequence>
  <level>INFO</level>
  <class>com.kms.katalon.core.logging.XmlKeywordLogger</class>
  <method>logMessage</method>
  <thread>1</thread>
  <message>s12_issuingAuthority = </message>
  <nestedLevel>1</nestedLevel>
</record>
<record>
  <date>2019-08-22T19:01:32</date>
  <millis>1566477092170</millis>
  <sequence>145</sequence>
  <level>INFO</level>
  <class>com.kms.katalon.core.logging.XmlKeywordLogger</class>
  <method>logMessage</method>
  <thread>1</thread>
  <message>s12_issuingCountry = Bahrain</message>
  <nestedLevel>1</nestedLevel>
</record>
<record>
  <date>2019-08-22T19:01:32</date>
  <millis>1566477092170</millis>
  <sequence>146</sequence>
  <level>INFO</level>
  <class>com.kms.katalon.core.logging.XmlKeywordLogger</class>
  <method>logMessage</method>
  <thread>1</thread>
  <message>s12_documentVerified = true</message>
  <nestedLevel>1</nestedLevel>
</record>
<record>
  <date>2019-08-22T19:01:32</date>
  <millis>1566477092170</millis>
  <sequence>147</sequence>
  <level>INFO</level>
  <class>com.kms.katalon.core.logging.XmlKeywordLogger</class>
  <method>logMessage</method>
  <thread>1</thread>
  <message>s12_image = sugarrush</message>
  <nestedLevel>1</nestedLevel>
</record>
<record>
  <date>2019-08-22T19:01:32</date>
  <millis>1566477092171</millis>
  <sequence>148</sequence>
  <level>INFO</level>
  <class>com.kms.katalon.core.logging.XmlKeywordLogger</class>
  <method>logMessage</method>
  <thread>1</thread>
  <message>s12_documentCollectionStatus = Documents collected and validated centrally</message>
  <nestedLevel>1</nestedLevel>
</record>
<record>
  <date>2019-08-22T19:01:32</date>
  <millis>1566477092171</millis>
  <sequence>149</sequence>
  <level>INFO</level>
  <class>com.kms.katalon.core.logging.XmlKeywordLogger</class>
  <method>logMessage</method>
  <thread>1</thread>
  <message>s08_strState = </message>
  <nestedLevel>1</nestedLevel>
</record>
<record>
  <date>2019-08-22T19:01:32</date>
  <millis>1566477092171</millis>
  <sequence>150</sequence>
  <level>INFO</level>
  <class>com.kms.katalon.core.logging.XmlKeywordLogger</class>
  <method>logMessage</method>
  <thread>1</thread>
  <message>s08_district01 = </message>
  <nestedLevel>1</nestedLevel>
</record>
<record>
  <date>2019-08-22T19:01:32</date>
  <millis>1566477092172</millis>
  <sequence>151</sequence>
  <level>INFO</level>
  <class>com.kms.katalon.core.logging.XmlKeywordLogger</class>
  <method>logMessage</method>
  <thread>1</thread>
  <message>s08_district02 = </message>
  <nestedLevel>1</nestedLevel>
</record>
<record>
  <date>2019-08-22T19:01:32</date>
  <millis>1566477092202</millis>
  <sequence>152</sequence>
  <level>INFO</level>
  <class>com.kms.katalon.core.logging.XmlKeywordLogger</class>
  <method>logMessage</method>
  <thread>1</thread>
  <message>s08_district03 = </message>
  <nestedLevel>1</nestedLevel>
</record>
<record>
  <date>2019-08-22T19:01:32</date>
  <millis>1566477092203</millis>
  <sequence>153</sequence>
  <level>INFO</level>
  <class>com.kms.katalon.core.logging.XmlKeywordLogger</class>
  <method>logMessage</method>
  <thread>1</thread>
  <message>s08_strType = </message>
  <nestedLevel>1</nestedLevel>
</record>
<record>
  <date>2019-08-22T19:01:32</date>
  <millis>1566477092203</millis>
  <sequence>154</sequence>
  <level>INFO</level>
  <class>com.kms.katalon.core.logging.XmlKeywordLogger</class>
  <method>logMessage</method>
  <thread>1</thread>
  <message>s08_strregstrationNo = </message>
  <nestedLevel>1</nestedLevel>
</record>
<record>
  <date>2019-08-22T19:01:32</date>
  <millis>1566477092204</millis>
  <sequence>155</sequence>
  <level>START</level>
  <class>com.kms.katalon.core.logging.XmlKeywordLogger</class>
  <method>startKeyword</method>
  <thread>1</thread>
  <message>Start listener action : sampleBeforeTestCase</message>
  <nestedLevel>1</nestedLevel>
</record>
<record>
  <date>2019-08-22T19:01:32</date>
  <millis>1566477092204</millis>
  <sequence>157</sequence>
  <level>START</level>
  <class>com.kms.katalon.core.logging.XmlKeywordLogger</class>
  <method>startKeyword</method>
  <thread>1</thread>
  <message>Start action : testCaseID = testCaseContext.getTestCaseId()</message>
  <nestedLevel>1</nestedLevel>
  <property name="startLine">32</property>
  <property name="stepIndex">1</property>
</record>
<record>
  <date>2019-08-22T19:01:32</date>
  <millis>1566477092205</millis>
  <sequence>159</sequence>
  <level>END</level>
  <class>com.kms.katalon.core.logging.XmlKeywordLogger</class>
  <method>endKeyword</method>
  <thread>1</thread>
  <message>End action : testCaseID = testCaseContext.getTestCaseId()</message>
  <nestedLevel>1</nestedLevel>
</record>
<record>
  <date>2019-08-22T19:01:32</date>
  <millis>1566477092205</millis>
  <sequence>160</sequence>
  <level>END</level>
  <class>com.kms.katalon.core.logging.XmlKeywordLogger</class>
  <method>endKeyword</method>
  <thread>1</thread>
  <message>End listener action : sampleBeforeTestCase</message>
  <nestedLevel>1</nestedLevel>
</record>
<record>
  <date>2019-08-22T19:01:32</date>
  <millis>1566477092597</millis>
  <sequence>161</sequence>
  <level>START</level>
  <class>com.kms.katalon.core.logging.XmlKeywordLogger</class>
  <method>startKeyword</method>
  <thread>1</thread>
  <message>Start action : partyOnboardingPersonal = new pageObjects.PartyOnboarding()</message>
  <nestedLevel>1</nestedLevel>
  <property name="startLine">8</property>
  <property name="stepIndex">1</property>
</record>
<record>
  <date>2019-08-22T19:01:32</date>
  <millis>1566477092676</millis>
  <sequence>162</sequence>
  <level>END</level>
  <class>com.kms.katalon.core.logging.XmlKeywordLogger</class>
  <method>endKeyword</method>
  <thread>1</thread>
  <message>End action : partyOnboardingPersonal = new pageObjects.PartyOnboarding()</message>
  <nestedLevel>1</nestedLevel>
</record>
<record>
  <date>2019-08-22T19:01:32</date>
  <millis>1566477092676</millis>
  <sequence>163</sequence>
  <level>START</level>
  <class>com.kms.katalon.core.logging.XmlKeywordLogger</class>
  <method>startKeyword</method>
  <thread>1</thread>
  <message>Start action : abtractTest = new commons.AbtractTest()</message>
  <nestedLevel>1</nestedLevel>
  <property name="startLine">9</property>
  <property name="stepIndex">2</property>
</record>
<record>
  <date>2019-08-22T19:01:32</date>
  <millis>1566477092678</millis>
  <sequence>164</sequence>
  <level>END</level>
  <class>com.kms.katalon.core.logging.XmlKeywordLogger</class>
  <method>endKeyword</method>
  <thread>1</thread>
  <message>End action : abtractTest = new commons.AbtractTest()</message>
  <nestedLevel>1</nestedLevel>
</record>
<record>
  <date>2019-08-22T19:01:32</date>
  <millis>1566477092679</millis>
  <sequence>165</sequence>
  <level>START</level>
  <class>com.kms.katalon.core.logging.XmlKeywordLogger</class>
  <method>startKeyword</method>
  <thread>1</thread>
  <message>Start action : excelFiles = new report.ExcelFiles()</message>
  <nestedLevel>1</nestedLevel>
  <property name="startLine">10</property>
  <property name="stepIndex">3</property>
</record>
<record>
  <date>2019-08-22T19:01:32</date>
  <millis>1566477092681</millis>
  <sequence>166</sequence>
  <level>END</level>
  <class>com.kms.katalon.core.logging.XmlKeywordLogger</class>
  <method>endKeyword</method>
  <thread>1</thread>
  <message>End action : excelFiles = new report.ExcelFiles()</message>
  <nestedLevel>1</nestedLevel>
</record>
<record>
  <date>2019-08-22T19:01:32</date>
  <millis>1566477092682</millis>
  <sequence>167</sequence>
  <level>START</level>
  <class>com.kms.katalon.core.logging.XmlKeywordLogger</class>
  <method>startKeyword</method>
  <thread>1</thread>
  <message>Start action : log = new com.kms.katalon.core.util.KeywordUtil()</message>
  <nestedLevel>1</nestedLevel>
  <property name="startLine">11</property>
  <property name="stepIndex">4</property>
</record>
<record>
  <date>2019-08-22T19:01:32</date>
  <millis>1566477092688</millis>
  <sequence>168</sequence>
  <level>END</level>
  <class>com.kms.katalon.core.logging.XmlKeywordLogger</class>
  <method>endKeyword</method>
  <thread>1</thread>
  <message>End action : log = new com.kms.katalon.core.util.KeywordUtil()</message>
  <nestedLevel>1</nestedLevel>
</record>
<record>
  <date>2019-08-22T19:01:32</date>
  <millis>1566477092688</millis>
  <sequence>169</sequence>
  <level>START</level>
  <class>com.kms.katalon.core.logging.XmlKeywordLogger</class>
  <method>startKeyword</method>
  <thread>1</thread>
  <message>Start action : results = \&amp;quot;\&amp;quot;</message>
  <nestedLevel>1</nestedLevel>
  <property name="startLine">12</property>
  <property name="stepIndex">5</property>
</record>
<record>
  <date>2019-08-22T19:01:32</date>
  <millis>1566477092689</millis>
  <sequence>170</sequence>
  <level>END</level>
  <class>com.kms.katalon.core.logging.XmlKeywordLogger</class>
  <method>endKeyword</method>
  <thread>1</thread>
  <message>End action : results = \&amp;quot;\&amp;quot;</message>
  <nestedLevel>1</nestedLevel>
</record>
<record>
  <date>2019-08-22T19:01:32</date>
  <millis>1566477092690</millis>
  <sequence>171</sequence>
  <level>START</level>
  <class>com.kms.katalon.core.logging.XmlKeywordLogger</class>
  <method>startKeyword</method>
  <thread>1</thread>
  <message>Start action : delay(3)</message>
  <nestedLevel>1</nestedLevel>
  <property name="startLine">14</property>
  <property name="stepIndex">6</property>
</record>
<record>
  <date>2019-08-22T19:01:35</date>
  <millis>1566477095720</millis>
  <sequence>173</sequence>
  <level>PASSED</level>
  <class>com.kms.katalon.core.logging.XmlKeywordLogger</class>
  <method>logMessage</method>
  <thread>1</thread>
  <message>Delayed 3 second(s)</message>
  <nestedLevel>1</nestedLevel>
</record>
<record>
  <date>2019-08-22T19:01:35</date>
  <millis>1566477095720</millis>
  <sequence>174</sequence>
  <level>END</level>
  <class>com.kms.katalon.core.logging.XmlKeywordLogger</class>
  <method>endKeyword</method>
  <thread>1</thread>
  <message>End action : delay(3)</message>
  <nestedLevel>1</nestedLevel>
</record>
<record>
  <date>2019-08-22T19:01:35</date>
  <millis>1566477095720</millis>
  <sequence>175</sequence>
  <level>START</level>
  <class>com.kms.katalon.core.logging.XmlKeywordLogger</class>
  <method>startKeyword</method>
  <thread>1</thread>
  <message>Start action : log.logInfo(\&amp;quot;--- Open Party Onboarding in Menu Search ---\&amp;quot;)</message>
  <nestedLevel>1</nestedLevel>
  <property name="startLine">15</property>
  <property name="stepIndex">7</property>
</record>
<record>
  <date>2019-08-22T19:01:35</date>
  <millis>1566477095721</millis>
  <sequence>176</sequence>
  <level>INFO</level>
  <class>com.kms.katalon.core.logging.XmlKeywordLogger</class>
  <method>logMessage</method>
  <thread>1</thread>
  <message>--- Open Party Onboarding in Menu Search ---</message>
  <nestedLevel>1</nestedLevel>
</record>
<record>
  <date>2019-08-22T19:01:35</date>
  <millis>1566477095721</millis>
  <sequence>177</sequence>
  <level>END</level>
  <class>com.kms.katalon.core.logging.XmlKeywordLogger</class>
  <method>endKeyword</method>
  <thread>1</thread>
  <message>End action : log.logInfo(\&amp;quot;--- Open Party Onboarding in Menu Search ---\&amp;quot;)</message>
  <nestedLevel>1</nestedLevel>
</record>
<record>
  <date>2019-08-22T19:01:35</date>
  <millis>1566477095721</millis>
  <sequence>178</sequence>
  <level>START</level>
  <class>com.kms.katalon.core.logging.XmlKeywordLogger</class>
  <method>startKeyword</method>
  <thread>1</thread>
  <message>Start action : partyOnboardingPersonal.inputPartyOnboardingMenuSearch()</message>
  <nestedLevel>1</nestedLevel>
  <property name="startLine">16</property>
  <property name="stepIndex">8</property>
</record>
<record>
  <date>2019-08-22T19:01:35</date>
  <millis>1566477095896</millis>
  <sequence>185</sequence>
  <level>PASSED</level>
  <class>com.kms.katalon.core.logging.XmlKeywordLogger</class>
  <method>logMessage</method>
  <thread>1</thread>
  <message>Object &amp;apos;Object Repository/Menu_Search&amp;apos; is visible</message>
  <nestedLevel>1</nestedLevel>
</record>
<record>
  <date>2019-08-22T19:01:36</date>
  <millis>1566477096282</millis>
  <sequence>190</sequence>
  <level>PASSED</level>
  <class>com.kms.katalon.core.logging.XmlKeywordLogger</class>
  <method>logMessage</method>
  <thread>1</thread>
  <message>Keys &amp;apos;ENTER + Party Onboarding&amp;apos; sent to object: &amp;apos;Object Repository/Menu_Search&amp;apos;</message>
  <nestedLevel>1</nestedLevel>
</record>
<record>
  <date>2019-08-22T19:01:36</date>
  <millis>1566477096356</millis>
  <sequence>195</sequence>
  <level>PASSED</level>
  <class>com.kms.katalon.core.logging.XmlKeywordLogger</class>
  <method>logMessage</method>
  <thread>1</thread>
  <message>Object &amp;apos;menuSearch_txt&amp;apos; is present</message>
  <nestedLevel>1</nestedLevel>
</record>
<record>
  <date>2019-08-22T19:01:36</date>
  <millis>1566477096356</millis>
  <sequence>196</sequence>
  <level>END</level>
  <class>com.kms.katalon.core.logging.XmlKeywordLogger</class>
  <method>endKeyword</method>
  <thread>1</thread>
  <message>End action : partyOnboardingPersonal.inputPartyOnboardingMenuSearch()</message>
  <nestedLevel>1</nestedLevel>
</record>
<record>
  <date>2019-08-22T19:01:36</date>
  <millis>1566477096357</millis>
  <sequence>197</sequence>
  <level>START</level>
  <class>com.kms.katalon.core.logging.XmlKeywordLogger</class>
  <method>startKeyword</method>
  <thread>1</thread>
  <message>Start action : log.logInfo(\&amp;quot;--- Input Local Global ---\&amp;quot;)</message>
  <nestedLevel>1</nestedLevel>
  <property name="startLine">18</property>
  <property name="stepIndex">9</property>
</record>
<record>
  <date>2019-08-22T19:01:36</date>
  <millis>1566477096357</millis>
  <sequence>198</sequence>
  <level>INFO</level>
  <class>com.kms.katalon.core.logging.XmlKeywordLogger</class>
  <method>logMessage</method>
  <thread>1</thread>
  <message>--- Input Local Global ---</message>
  <nestedLevel>1</nestedLevel>
</record>
<record>
  <date>2019-08-22T19:01:36</date>
  <millis>1566477096358</millis>
  <sequence>199</sequence>
  <level>END</level>
  <class>com.kms.katalon.core.logging.XmlKeywordLogger</class>
  <method>endKeyword</method>
  <thread>1</thread>
  <message>End action : log.logInfo(\&amp;quot;--- Input Local Global ---\&amp;quot;)</message>
  <nestedLevel>1</nestedLevel>
</record>
<record>
  <date>2019-08-22T19:01:36</date>
  <millis>1566477096359</millis>
  <sequence>200</sequence>
  <level>START</level>
  <class>com.kms.katalon.core.logging.XmlKeywordLogger</class>
  <method>startKeyword</method>
  <thread>1</thread>
  <message>Start action : partyOnboardingPersonal.inputLocalGlobal(s05_localglobal)</message>
  <nestedLevel>1</nestedLevel>
  <property name="startLine">19</property>
  <property name="stepIndex">10</property>
</record>
<record>
  <date>2019-08-22T19:01:37</date>
  <millis>1566477097687</millis>
  <sequence>207</sequence>
  <level>PASSED</level>
  <class>com.kms.katalon.core.logging.XmlKeywordLogger</class>
  <method>logMessage</method>
  <thread>1</thread>
  <message>Text of object &amp;apos;Object Repository/PartyOnboarding/PartyOnboarding/Local Global&amp;apos; is cleared</message>
  <nestedLevel>1</nestedLevel>
</record>
<record>
  <date>2019-08-22T19:01:37</date>
  <millis>1566477097772</millis>
  <sequence>213</sequence>
  <level>PASSED</level>
  <class>com.kms.katalon.core.logging.XmlKeywordLogger</class>
  <method>logMessage</method>
  <thread>1</thread>
  <message>Object &amp;apos;Object Repository/PartyOnboarding/PartyOnboarding/Local Global&amp;apos; is visible</message>
  <nestedLevel>1</nestedLevel>
</record>
<record>
  <date>2019-08-22T19:01:37</date>
  <millis>1566477097829</millis>
  <sequence>220</sequence>
  <level>PASSED</level>
  <class>com.kms.katalon.core.logging.XmlKeywordLogger</class>
  <method>logMessage</method>
  <thread>1</thread>
  <message>Object &amp;apos;Object Repository/PartyOnboarding/PartyOnboarding/Local Global&amp;apos; is visible</message>
  <nestedLevel>1</nestedLevel>
</record>
<record>
  <date>2019-08-22T19:01:38</date>
  <millis>1566477098276</millis>
  <sequence>226</sequence>
  <level>PASSED</level>
  <class>com.kms.katalon.core.logging.XmlKeywordLogger</class>
  <method>logMessage</method>
  <thread>1</thread>
  <message>Keys &amp;apos;Local Private&amp;apos; sent to object: &amp;apos;Object Repository/PartyOnboarding/PartyOnboarding/Local Global&amp;apos;</message>
  <nestedLevel>1</nestedLevel>
</record>
<record>
  <date>2019-08-22T19:01:38</date>
  <millis>1566477098277</millis>
  <sequence>227</sequence>
  <level>END</level>
  <class>com.kms.katalon.core.logging.XmlKeywordLogger</class>
  <method>endKeyword</method>
  <thread>1</thread>
  <message>End action : partyOnboardingPersonal.inputLocalGlobal(s05_localglobal)</message>
  <nestedLevel>1</nestedLevel>
</record>
<record>
  <date>2019-08-22T19:01:38</date>
  <millis>1566477098278</millis>
  <sequence>228</sequence>
  <level>START</level>
  <class>com.kms.katalon.core.logging.XmlKeywordLogger</class>
  <method>startKeyword</method>
  <thread>1</thread>
  <message>Start action : log.logInfo(\&amp;quot;--- Input Party Type ---\&amp;quot;)</message>
  <nestedLevel>1</nestedLevel>
  <property name="startLine">20</property>
  <property name="stepIndex">11</property>
</record>
<record>
  <date>2019-08-22T19:01:38</date>
  <millis>1566477098280</millis>
  <sequence>229</sequence>
  <level>INFO</level>
  <class>com.kms.katalon.core.logging.XmlKeywordLogger</class>
  <method>logMessage</method>
  <thread>1</thread>
  <message>--- Input Party Type ---</message>
  <nestedLevel>1</nestedLevel>
</record>
<record>
  <date>2019-08-22T19:01:38</date>
  <millis>1566477098282</millis>
  <sequence>230</sequence>
  <level>END</level>
  <class>com.kms.katalon.core.logging.XmlKeywordLogger</class>
  <method>endKeyword</method>
  <thread>1</thread>
  <message>End action : log.logInfo(\&amp;quot;--- Input Party Type ---\&amp;quot;)</message>
  <nestedLevel>1</nestedLevel>
</record>
<record>
  <date>2019-08-22T19:01:38</date>
  <millis>1566477098282</millis>
  <sequence>231</sequence>
  <level>START</level>
  <class>com.kms.katalon.core.logging.XmlKeywordLogger</class>
  <method>startKeyword</method>
  <thread>1</thread>
  <message>Start action : partyOnboardingPersonal.inputPartyType(s05_partytype)</message>
  <nestedLevel>1</nestedLevel>
  <property name="startLine">21</property>
  <property name="stepIndex">12</property>
</record>
<record>
  <date>2019-08-22T19:01:38</date>
  <millis>1566477098389</millis>
  <sequence>238</sequence>
  <level>PASSED</level>
  <class>com.kms.katalon.core.logging.XmlKeywordLogger</class>
  <method>logMessage</method>
  <thread>1</thread>
  <message>Object &amp;apos;Object Repository/PartyOnboarding/PartyOnboarding/Party Type&amp;apos; is visible</message>
  <nestedLevel>1</nestedLevel>
</record>
<record>
  <date>2019-08-22T19:01:38</date>
  <millis>1566477098710</millis>
  <sequence>244</sequence>
  <level>PASSED</level>
  <class>com.kms.katalon.core.logging.XmlKeywordLogger</class>
  <method>logMessage</method>
  <thread>1</thread>
  <message>Keys &amp;apos;TAB + Personal&amp;apos; sent to object: &amp;apos;Object Repository/PartyOnboarding/PartyOnboarding/Party Type&amp;apos;</message>
  <nestedLevel>1</nestedLevel>
</record>
<record>
  <date>2019-08-22T19:01:38</date>
  <millis>1566477098711</millis>
  <sequence>245</sequence>
  <level>END</level>
  <class>com.kms.katalon.core.logging.XmlKeywordLogger</class>
  <method>endKeyword</method>
  <thread>1</thread>
  <message>End action : partyOnboardingPersonal.inputPartyType(s05_partytype)</message>
  <nestedLevel>1</nestedLevel>
</record>
<record>
  <date>2019-08-22T19:01:38</date>
  <millis>1566477098711</millis>
  <sequence>246</sequence>
  <level>START</level>
  <class>com.kms.katalon.core.logging.XmlKeywordLogger</class>
  <method>startKeyword</method>
  <thread>1</thread>
  <message>Start action : log.logInfo(\&amp;quot;--- Input Party Sub Type ---\&amp;quot;)</message>
  <nestedLevel>1</nestedLevel>
  <property name="startLine">22</property>
  <property name="stepIndex">13</property>
</record>
<record>
  <date>2019-08-22T19:01:38</date>
  <millis>1566477098711</millis>
  <sequence>247</sequence>
  <level>INFO</level>
  <class>com.kms.katalon.core.logging.XmlKeywordLogger</class>
  <method>logMessage</method>
  <thread>1</thread>
  <message>--- Input Party Sub Type ---</message>
  <nestedLevel>1</nestedLevel>
</record>
<record>
  <date>2019-08-22T19:01:38</date>
  <millis>1566477098712</millis>
  <sequence>248</sequence>
  <level>END</level>
  <class>com.kms.katalon.core.logging.XmlKeywordLogger</class>
  <method>endKeyword</method>
  <thread>1</thread>
  <message>End action : log.logInfo(\&amp;quot;--- Input Party Sub Type ---\&amp;quot;)</message>
  <nestedLevel>1</nestedLevel>
</record>
<record>
  <date>2019-08-22T19:01:38</date>
  <millis>1566477098713</millis>
  <sequence>249</sequence>
  <level>START</level>
  <class>com.kms.katalon.core.logging.XmlKeywordLogger</class>
  <method>startKeyword</method>
  <thread>1</thread>
  <message>Start action : partyOnboardingPersonal.inputPartySubType(s05_partysubtype)</message>
  <nestedLevel>1</nestedLevel>
  <property name="startLine">23</property>
  <property name="stepIndex">14</property>
</record>
<record>
  <date>2019-08-22T19:01:39</date>
  <millis>1566477099716</millis>
  <sequence>251</sequence>
  <level>PASSED</level>
  <class>com.kms.katalon.core.logging.XmlKeywordLogger</class>
  <method>logMessage</method>
  <thread>1</thread>
  <message>Delayed 1 second(s)</message>
  <nestedLevel>1</nestedLevel>
</record>
<record>
  <date>2019-08-22T19:01:39</date>
  <millis>1566477099761</millis>
  <sequence>258</sequence>
  <level>PASSED</level>
  <class>com.kms.katalon.core.logging.XmlKeywordLogger</class>
  <method>logMessage</method>
  <thread>1</thread>
  <message>Object &amp;apos;Object Repository/PartyOnboarding/PartyOnboarding/Party Type&amp;apos; is visible</message>
  <nestedLevel>1</nestedLevel>
</record>
<record>
  <date>2019-08-22T19:01:40</date>
  <millis>1566477100016</millis>
  <sequence>264</sequence>
  <level>PASSED</level>
  <class>com.kms.katalon.core.logging.XmlKeywordLogger</class>
  <method>logMessage</method>
  <thread>1</thread>
  <message>Keys &amp;apos;Individual&amp;apos; sent to object: &amp;apos;Object Repository/PartyOnboarding/PartyOnboarding/Party Sub-Type&amp;apos;</message>
  <nestedLevel>1</nestedLevel>
</record>
<record>
  <date>2019-08-22T19:01:40</date>
  <millis>1566477100016</millis>
  <sequence>265</sequence>
  <level>END</level>
  <class>com.kms.katalon.core.logging.XmlKeywordLogger</class>
  <method>endKeyword</method>
  <thread>1</thread>
  <message>End action : partyOnboardingPersonal.inputPartySubType(s05_partysubtype)</message>
  <nestedLevel>1</nestedLevel>
</record>
<record>
  <date>2019-08-22T19:01:40</date>
  <millis>1566477100017</millis>
  <sequence>266</sequence>
  <level>START</level>
  <class>com.kms.katalon.core.logging.XmlKeywordLogger</class>
  <method>startKeyword</method>
  <thread>1</thread>
  <message>Start action : log.logInfo(\&amp;quot;--- Input Party Category ---\&amp;quot;)</message>
  <nestedLevel>1</nestedLevel>
  <property name="startLine">24</property>
  <property name="stepIndex">15</property>
</record>
<record>
  <date>2019-08-22T19:01:40</date>
  <millis>1566477100017</millis>
  <sequence>267</sequence>
  <level>INFO</level>
  <class>com.kms.katalon.core.logging.XmlKeywordLogger</class>
  <method>logMessage</method>
  <thread>1</thread>
  <message>--- Input Party Category ---</message>
  <nestedLevel>1</nestedLevel>
</record>
<record>
  <date>2019-08-22T19:01:40</date>
  <millis>1566477100017</millis>
  <sequence>268</sequence>
  <level>END</level>
  <class>com.kms.katalon.core.logging.XmlKeywordLogger</class>
  <method>endKeyword</method>
  <thread>1</thread>
  <message>End action : log.logInfo(\&amp;quot;--- Input Party Category ---\&amp;quot;)</message>
  <nestedLevel>1</nestedLevel>
</record>
<record>
  <date>2019-08-22T19:01:40</date>
  <millis>1566477100018</millis>
  <sequence>269</sequence>
  <level>START</level>
  <class>com.kms.katalon.core.logging.XmlKeywordLogger</class>
  <method>startKeyword</method>
  <thread>1</thread>
  <message>Start action : partyOnboardingPersonal.inputPartyCategory(s05_partycategory)</message>
  <nestedLevel>1</nestedLevel>
  <property name="startLine">25</property>
  <property name="stepIndex">16</property>
</record>
<record>
  <date>2019-08-22T19:01:40</date>
  <millis>1566477100092</millis>
  <sequence>276</sequence>
  <level>PASSED</level>
  <class>com.kms.katalon.core.logging.XmlKeywordLogger</class>
  <method>logMessage</method>
  <thread>1</thread>
  <message>Object &amp;apos;Object Repository/PartyOnboarding/PartyOnboarding/Party Category&amp;apos; is visible</message>
  <nestedLevel>1</nestedLevel>
</record>
<record>
  <date>2019-08-22T19:01:40</date>
  <millis>1566477100246</millis>
  <sequence>282</sequence>
  <level>PASSED</level>
  <class>com.kms.katalon.core.logging.XmlKeywordLogger</class>
  <method>logMessage</method>
  <thread>1</thread>
  <message>Keys &amp;apos;Full&amp;apos; sent to object: &amp;apos;Object Repository/PartyOnboarding/PartyOnboarding/Party Category&amp;apos;</message>
  <nestedLevel>1</nestedLevel>
</record>
<record>
  <date>2019-08-22T19:01:40</date>
  <millis>1566477100247</millis>
  <sequence>283</sequence>
  <level>END</level>
  <class>com.kms.katalon.core.logging.XmlKeywordLogger</class>
  <method>endKeyword</method>
  <thread>1</thread>
  <message>End action : partyOnboardingPersonal.inputPartyCategory(s05_partycategory)</message>
  <nestedLevel>1</nestedLevel>
</record>
<record>
  <date>2019-08-22T19:01:40</date>
  <millis>1566477100247</millis>
  <sequence>284</sequence>
  <level>START</level>
  <class>com.kms.katalon.core.logging.XmlKeywordLogger</class>
  <method>startKeyword</method>
  <thread>1</thread>
  <message>Start action : log.logInfo(\&amp;quot;--- Check Line of Business ---\&amp;quot;)</message>
  <nestedLevel>1</nestedLevel>
  <property name="startLine">26</property>
  <property name="stepIndex">17</property>
</record>
<record>
  <date>2019-08-22T19:01:40</date>
  <millis>1566477100248</millis>
  <sequence>285</sequence>
  <level>INFO</level>
  <class>com.kms.katalon.core.logging.XmlKeywordLogger</class>
  <method>logMessage</method>
  <thread>1</thread>
  <message>--- Check Line of Business ---</message>
  <nestedLevel>1</nestedLevel>
</record>
<record>
  <date>2019-08-22T19:01:40</date>
  <millis>1566477100248</millis>
  <sequence>286</sequence>
  <level>END</level>
  <class>com.kms.katalon.core.logging.XmlKeywordLogger</class>
  <method>endKeyword</method>
  <thread>1</thread>
  <message>End action : log.logInfo(\&amp;quot;--- Check Line of Business ---\&amp;quot;)</message>
  <nestedLevel>1</nestedLevel>
</record>
<record>
  <date>2019-08-22T19:01:40</date>
  <millis>1566477100248</millis>
  <sequence>287</sequence>
  <level>START</level>
  <class>com.kms.katalon.core.logging.XmlKeywordLogger</class>
  <method>startKeyword</method>
  <thread>1</thread>
  <message>Start action : log.logInfo(\&amp;quot;--- Click Next to Party Check List  ---\&amp;quot;)</message>
  <nestedLevel>1</nestedLevel>
  <property name="startLine">28</property>
  <property name="stepIndex">18</property>
</record>
<record>
  <date>2019-08-22T19:01:40</date>
  <millis>1566477100250</millis>
  <sequence>288</sequence>
  <level>INFO</level>
  <class>com.kms.katalon.core.logging.XmlKeywordLogger</class>
  <method>logMessage</method>
  <thread>1</thread>
  <message>--- Click Next to Party Check List  ---</message>
  <nestedLevel>1</nestedLevel>
</record>
<record>
  <date>2019-08-22T19:01:40</date>
  <millis>1566477100250</millis>
  <sequence>289</sequence>
  <level>END</level>
  <class>com.kms.katalon.core.logging.XmlKeywordLogger</class>
  <method>endKeyword</method>
  <thread>1</thread>
  <message>End action : log.logInfo(\&amp;quot;--- Click Next to Party Check List  ---\&amp;quot;)</message>
  <nestedLevel>1</nestedLevel>
</record>
<record>
  <date>2019-08-22T19:01:40</date>
  <millis>1566477100251</millis>
  <sequence>290</sequence>
  <level>START</level>
  <class>com.kms.katalon.core.logging.XmlKeywordLogger</class>
  <method>startKeyword</method>
  <thread>1</thread>
  <message>Start action : partyOnboardingPersonal.clickNextbutton()</message>
  <nestedLevel>1</nestedLevel>
  <property name="startLine">29</property>
  <property name="stepIndex">19</property>
</record>
<record>
  <date>2019-08-22T19:01:40</date>
  <millis>1566477100353</millis>
  <sequence>297</sequence>
  <level>PASSED</level>
  <class>com.kms.katalon.core.logging.XmlKeywordLogger</class>
  <method>logMessage</method>
  <thread>1</thread>
  <message>Object &amp;apos;Object Repository/PartyOnboarding/btn_Next&amp;apos; is visible</message>
  <nestedLevel>1</nestedLevel>
</record>
<record>
  <date>2019-08-22T19:01:40</date>
  <millis>1566477100566</millis>
  <sequence>304</sequence>
  <level>PASSED</level>
  <class>com.kms.katalon.core.logging.XmlKeywordLogger</class>
  <method>logMessage</method>
  <thread>1</thread>
  <message>Object: &amp;apos;Object Repository/PartyOnboarding/btn_Next&amp;apos; is clicked on</message>
  <nestedLevel>1</nestedLevel>
</record>
<record>
  <date>2019-08-22T19:01:40</date>
  <millis>1566477100566</millis>
  <sequence>305</sequence>
  <level>END</level>
  <class>com.kms.katalon.core.logging.XmlKeywordLogger</class>
  <method>endKeyword</method>
  <thread>1</thread>
  <message>End action : partyOnboardingPersonal.clickNextbutton()</message>
  <nestedLevel>1</nestedLevel>
</record>
<record>
  <date>2019-08-22T19:01:40</date>
  <millis>1566477100567</millis>
  <sequence>306</sequence>
  <level>START</level>
  <class>com.kms.katalon.core.logging.XmlKeywordLogger</class>
  <method>startKeyword</method>
  <thread>1</thread>
  <message>Start action : delay(1)</message>
  <nestedLevel>1</nestedLevel>
  <property name="startLine">30</property>
  <property name="stepIndex">20</property>
</record>
<record>
  <date>2019-08-22T19:01:41</date>
  <millis>1566477101573</millis>
  <sequence>308</sequence>
  <level>PASSED</level>
  <class>com.kms.katalon.core.logging.XmlKeywordLogger</class>
  <method>logMessage</method>
  <thread>1</thread>
  <message>Delayed 1 second(s)</message>
  <nestedLevel>1</nestedLevel>
</record>
<record>
  <date>2019-08-22T19:01:41</date>
  <millis>1566477101573</millis>
  <sequence>309</sequence>
  <level>END</level>
  <class>com.kms.katalon.core.logging.XmlKeywordLogger</class>
  <method>endKeyword</method>
  <thread>1</thread>
  <message>End action : delay(1)</message>
  <nestedLevel>1</nestedLevel>
</record>
<record>
  <date>2019-08-22T19:01:41</date>
  <millis>1566477101574</millis>
  <sequence>310</sequence>
  <level>START</level>
  <class>com.kms.katalon.core.logging.XmlKeywordLogger</class>
  <method>startKeyword</method>
  <thread>1</thread>
  <message>Start action : log.logInfo(\&amp;quot;--- Click Next to Party Pre-Existence Check  ---\&amp;quot;)</message>
  <nestedLevel>1</nestedLevel>
  <property name="startLine">31</property>
  <property name="stepIndex">21</property>
</record>
<record>
  <date>2019-08-22T19:01:41</date>
  <millis>1566477101575</millis>
  <sequence>311</sequence>
  <level>INFO</level>
  <class>com.kms.katalon.core.logging.XmlKeywordLogger</class>
  <method>logMessage</method>
  <thread>1</thread>
  <message>--- Click Next to Party Pre-Existence Check  ---</message>
  <nestedLevel>1</nestedLevel>
</record>
<record>
  <date>2019-08-22T19:01:41</date>
  <millis>1566477101575</millis>
  <sequence>312</sequence>
  <level>END</level>
  <class>com.kms.katalon.core.logging.XmlKeywordLogger</class>
  <method>endKeyword</method>
  <thread>1</thread>
  <message>End action : log.logInfo(\&amp;quot;--- Click Next to Party Pre-Existence Check  ---\&amp;quot;)</message>
  <nestedLevel>1</nestedLevel>
</record>
<record>
  <date>2019-08-22T19:01:41</date>
  <millis>1566477101576</millis>
  <sequence>313</sequence>
  <level>START</level>
  <class>com.kms.katalon.core.logging.XmlKeywordLogger</class>
  <method>startKeyword</method>
  <thread>1</thread>
  <message>Start action : partyOnboardingPersonal.clickNextbutton()</message>
  <nestedLevel>1</nestedLevel>
  <property name="startLine">32</property>
  <property name="stepIndex">22</property>
</record>
<record>
  <date>2019-08-22T19:01:41</date>
  <millis>1566477101642</millis>
  <sequence>320</sequence>
  <level>PASSED</level>
  <class>com.kms.katalon.core.logging.XmlKeywordLogger</class>
  <method>logMessage</method>
  <thread>1</thread>
  <message>Object &amp;apos;Object Repository/PartyOnboarding/btn_Next&amp;apos; is visible</message>
  <nestedLevel>1</nestedLevel>
</record>
<record>
  <date>2019-08-22T19:01:41</date>
  <millis>1566477101735</millis>
  <sequence>327</sequence>
  <level>PASSED</level>
  <class>com.kms.katalon.core.logging.XmlKeywordLogger</class>
  <method>logMessage</method>
  <thread>1</thread>
  <message>Object: &amp;apos;Object Repository/PartyOnboarding/btn_Next&amp;apos; is clicked on</message>
  <nestedLevel>1</nestedLevel>
</record>
<record>
  <date>2019-08-22T19:01:41</date>
  <millis>1566477101736</millis>
  <sequence>328</sequence>
  <level>END</level>
  <class>com.kms.katalon.core.logging.XmlKeywordLogger</class>
  <method>endKeyword</method>
  <thread>1</thread>
  <message>End action : partyOnboardingPersonal.clickNextbutton()</message>
  <nestedLevel>1</nestedLevel>
</record>
<record>
  <date>2019-08-22T19:01:41</date>
  <millis>1566477101736</millis>
  <sequence>329</sequence>
  <level>START</level>
  <class>com.kms.katalon.core.logging.XmlKeywordLogger</class>
  <method>startKeyword</method>
  <thread>1</thread>
  <message>Start action : delay(1)</message>
  <nestedLevel>1</nestedLevel>
  <property name="startLine">33</property>
  <property name="stepIndex">23</property>
</record>
<record>
  <date>2019-08-22T19:01:42</date>
  <millis>1566477102738</millis>
  <sequence>331</sequence>
  <level>PASSED</level>
  <class>com.kms.katalon.core.logging.XmlKeywordLogger</class>
  <method>logMessage</method>
  <thread>1</thread>
  <message>Delayed 1 second(s)</message>
  <nestedLevel>1</nestedLevel>
</record>
<record>
  <date>2019-08-22T19:01:42</date>
  <millis>1566477102739</millis>
  <sequence>332</sequence>
  <level>END</level>
  <class>com.kms.katalon.core.logging.XmlKeywordLogger</class>
  <method>endKeyword</method>
  <thread>1</thread>
  <message>End action : delay(1)</message>
  <nestedLevel>1</nestedLevel>
</record>
<record>
  <date>2019-08-22T19:01:42</date>
  <millis>1566477102742</millis>
  <sequence>333</sequence>
  <level>START</level>
  <class>com.kms.katalon.core.logging.XmlKeywordLogger</class>
  <method>startKeyword</method>
  <thread>1</thread>
  <message>Start action : log.logInfo(\&amp;quot;--- Input data on Party Pre-Existence Check  ---\&amp;quot;)</message>
  <nestedLevel>1</nestedLevel>
  <property name="startLine">34</property>
  <property name="stepIndex">24</property>
</record>
<record>
  <date>2019-08-22T19:01:42</date>
  <millis>1566477102742</millis>
  <sequence>334</sequence>
  <level>INFO</level>
  <class>com.kms.katalon.core.logging.XmlKeywordLogger</class>
  <method>logMessage</method>
  <thread>1</thread>
  <message>--- Input data on Party Pre-Existence Check  ---</message>
  <nestedLevel>1</nestedLevel>
</record>
<record>
  <date>2019-08-22T19:01:42</date>
  <millis>1566477102743</millis>
  <sequence>335</sequence>
  <level>END</level>
  <class>com.kms.katalon.core.logging.XmlKeywordLogger</class>
  <method>endKeyword</method>
  <thread>1</thread>
  <message>End action : log.logInfo(\&amp;quot;--- Input data on Party Pre-Existence Check  ---\&amp;quot;)</message>
  <nestedLevel>1</nestedLevel>
</record>
<record>
  <date>2019-08-22T19:01:42</date>
  <millis>1566477102743</millis>
  <sequence>336</sequence>
  <level>START</level>
  <class>com.kms.katalon.core.logging.XmlKeywordLogger</class>
  <method>startKeyword</method>
  <thread>1</thread>
  <message>Start action : partyOnboardingPersonal.inputPreExistenceCheck(s08_firstname, s08_dateofbirth, s08_nationalldType, s08_nationalldNo, s08_lastname, s08_strState, s08_district01, s08_district02, s08_district03, s08_strType, s08_strregstrationNo)</message>
  <nestedLevel>1</nestedLevel>
  <property name="startLine">35</property>
  <property name="stepIndex">25</property>
</record>
<record>
  <date>2019-08-22T19:01:42</date>
  <millis>1566477102960</millis>
  <sequence>343</sequence>
  <level>PASSED</level>
  <class>com.kms.katalon.core.logging.XmlKeywordLogger</class>
  <method>logMessage</method>
  <thread>1</thread>
  <message>Object &amp;apos;Object Repository/PartyOnboarding/Personal/Pre-Existence Check/txt_FirstName&amp;apos; is visible</message>
  <nestedLevel>1</nestedLevel>
</record>
<record>
  <date>2019-08-22T19:01:43</date>
  <millis>1566477103151</millis>
  <sequence>349</sequence>
  <level>PASSED</level>
  <class>com.kms.katalon.core.logging.XmlKeywordLogger</class>
  <method>logMessage</method>
  <thread>1</thread>
  <message>Keys &amp;apos;ATO 0000001&amp;apos; sent to object: &amp;apos;Object Repository/PartyOnboarding/Personal/Pre-Existence Check/txt_FirstName&amp;apos;</message>
  <nestedLevel>1</nestedLevel>
</record>
<record>
  <date>2019-08-22T19:01:43</date>
  <millis>1566477103203</millis>
  <sequence>356</sequence>
  <level>PASSED</level>
  <class>com.kms.katalon.core.logging.XmlKeywordLogger</class>
  <method>logMessage</method>
  <thread>1</thread>
  <message>Object &amp;apos;Object Repository/PartyOnboarding/Personal/Pre-Existence Check/txt_LastName&amp;apos; is visible</message>
  <nestedLevel>1</nestedLevel>
</record>
<record>
  <date>2019-08-22T19:01:43</date>
  <millis>1566477103312</millis>
  <sequence>362</sequence>
  <level>PASSED</level>
  <class>com.kms.katalon.core.logging.XmlKeywordLogger</class>
  <method>logMessage</method>
  <thread>1</thread>
  <message>Keys &amp;apos;Nguyen&amp;apos; sent to object: &amp;apos;Object Repository/PartyOnboarding/Personal/Pre-Existence Check/txt_LastName&amp;apos;</message>
  <nestedLevel>1</nestedLevel>
</record>
<record>
  <date>2019-08-22T19:01:43</date>
  <millis>1566477103352</millis>
  <sequence>369</sequence>
  <level>PASSED</level>
  <class>com.kms.katalon.core.logging.XmlKeywordLogger</class>
  <method>logMessage</method>
  <thread>1</thread>
  <message>Object &amp;apos;Object Repository/PartyOnboarding/Personal/Pre-Existence Check/txt_DateOfBirth&amp;apos; is visible</message>
  <nestedLevel>1</nestedLevel>
</record>
<record>
  <date>2019-08-22T19:01:43</date>
  <millis>1566477103486</millis>
  <sequence>375</sequence>
  <level>PASSED</level>
  <class>com.kms.katalon.core.logging.XmlKeywordLogger</class>
  <method>logMessage</method>
  <thread>1</thread>
  <message>Keys &amp;apos;12-17-1990&amp;apos; sent to object: &amp;apos;Object Repository/PartyOnboarding/Personal/Pre-Existence Check/txt_DateOfBirth&amp;apos;</message>
  <nestedLevel>1</nestedLevel>
</record>
<record>
  <date>2019-08-22T19:01:43</date>
  <millis>1566477103531</millis>
  <sequence>382</sequence>
  <level>PASSED</level>
  <class>com.kms.katalon.core.logging.XmlKeywordLogger</class>
  <method>logMessage</method>
  <thread>1</thread>
  <message>Object &amp;apos;Object Repository/PartyOnboarding/Personal/Pre-Existence Check/ddl_NationlldType&amp;apos; is visible</message>
  <nestedLevel>1</nestedLevel>
</record>
<record>
  <date>2019-08-22T19:01:43</date>
  <millis>1566477103810</millis>
  <sequence>388</sequence>
  <level>PASSED</level>
  <class>com.kms.katalon.core.logging.XmlKeywordLogger</class>
  <method>logMessage</method>
  <thread>1</thread>
  <message>Keys &amp;apos;TAB + Birth Certificate Number&amp;apos; sent to object: &amp;apos;Object Repository/PartyOnboarding/Personal/Pre-Existence Check/ddl_NationlldType&amp;apos;</message>
  <nestedLevel>1</nestedLevel>
</record>
<record>
  <date>2019-08-22T19:01:43</date>
  <millis>1566477103861</millis>
  <sequence>395</sequence>
  <level>PASSED</level>
  <class>com.kms.katalon.core.logging.XmlKeywordLogger</class>
  <method>logMessage</method>
  <thread>1</thread>
  <message>Object &amp;apos;Object Repository/PartyOnboarding/Personal/Pre-Existence Check/txt_NationalldNo&amp;apos; is visible</message>
  <nestedLevel>1</nestedLevel>
</record>
<record>
  <date>2019-08-22T19:01:43</date>
  <millis>1566477103958</millis>
  <sequence>401</sequence>
  <level>PASSED</level>
  <class>com.kms.katalon.core.logging.XmlKeywordLogger</class>
  <method>logMessage</method>
  <thread>1</thread>
  <message>Keys &amp;apos;237516&amp;apos; sent to object: &amp;apos;Object Repository/PartyOnboarding/Personal/Pre-Existence Check/txt_NationalldNo&amp;apos;</message>
  <nestedLevel>1</nestedLevel>
</record>
<record>
  <date>2019-08-22T19:01:43</date>
  <millis>1566477103958</millis>
  <sequence>402</sequence>
  <level>END</level>
  <class>com.kms.katalon.core.logging.XmlKeywordLogger</class>
  <method>endKeyword</method>
  <thread>1</thread>
  <message>End action : partyOnboardingPersonal.inputPreExistenceCheck(s08_firstname, s08_dateofbirth, s08_nationalldType, s08_nationalldNo, s08_lastname, s08_strState, s08_district01, s08_district02, s08_district03, s08_strType, s08_strregstrationNo)</message>
  <nestedLevel>1</nestedLevel>
</record>
<record>
  <date>2019-08-22T19:01:43</date>
  <millis>1566477103958</millis>
  <sequence>403</sequence>
  <level>START</level>
  <class>com.kms.katalon.core.logging.XmlKeywordLogger</class>
  <method>startKeyword</method>
  <thread>1</thread>
  <message>Start action : log.logInfo(\&amp;quot;--- Click Next button ---\&amp;quot;)</message>
  <nestedLevel>1</nestedLevel>
  <property name="startLine">36</property>
  <property name="stepIndex">26</property>
</record>
<record>
  <date>2019-08-22T19:01:43</date>
  <millis>1566477103959</millis>
  <sequence>404</sequence>
  <level>INFO</level>
  <class>com.kms.katalon.core.logging.XmlKeywordLogger</class>
  <method>logMessage</method>
  <thread>1</thread>
  <message>--- Click Next button ---</message>
  <nestedLevel>1</nestedLevel>
</record>
<record>
  <date>2019-08-22T19:01:43</date>
  <millis>1566477103959</millis>
  <sequence>405</sequence>
  <level>END</level>
  <class>com.kms.katalon.core.logging.XmlKeywordLogger</class>
  <method>endKeyword</method>
  <thread>1</thread>
  <message>End action : log.logInfo(\&amp;quot;--- Click Next button ---\&amp;quot;)</message>
  <nestedLevel>1</nestedLevel>
</record>
<record>
  <date>2019-08-22T19:01:43</date>
  <millis>1566477103959</millis>
  <sequence>406</sequence>
  <level>START</level>
  <class>com.kms.katalon.core.logging.XmlKeywordLogger</class>
  <method>startKeyword</method>
  <thread>1</thread>
  <message>Start action : partyOnboardingPersonal.clickNextbutton()</message>
  <nestedLevel>1</nestedLevel>
  <property name="startLine">37</property>
  <property name="stepIndex">27</property>
</record>
<record>
  <date>2019-08-22T19:01:44</date>
  <millis>1566477104061</millis>
  <sequence>413</sequence>
  <level>PASSED</level>
  <class>com.kms.katalon.core.logging.XmlKeywordLogger</class>
  <method>logMessage</method>
  <thread>1</thread>
  <message>Object &amp;apos;Object Repository/PartyOnboarding/btn_Next&amp;apos; is visible</message>
  <nestedLevel>1</nestedLevel>
</record>
<record>
  <date>2019-08-22T19:01:44</date>
  <millis>1566477104144</millis>
  <sequence>420</sequence>
  <level>PASSED</level>
  <class>com.kms.katalon.core.logging.XmlKeywordLogger</class>
  <method>logMessage</method>
  <thread>1</thread>
  <message>Object: &amp;apos;Object Repository/PartyOnboarding/btn_Next&amp;apos; is clicked on</message>
  <nestedLevel>1</nestedLevel>
</record>
<record>
  <date>2019-08-22T19:01:44</date>
  <millis>1566477104145</millis>
  <sequence>421</sequence>
  <level>END</level>
  <class>com.kms.katalon.core.logging.XmlKeywordLogger</class>
  <method>endKeyword</method>
  <thread>1</thread>
  <message>End action : partyOnboardingPersonal.clickNextbutton()</message>
  <nestedLevel>1</nestedLevel>
</record>
<record>
  <date>2019-08-22T19:01:44</date>
  <millis>1566477104147</millis>
  <sequence>422</sequence>
  <level>START</level>
  <class>com.kms.katalon.core.logging.XmlKeywordLogger</class>
  <method>startKeyword</method>
  <thread>1</thread>
  <message>Start action : log.logInfo(\&amp;quot;--- Key in data all required fields on Personal Party - PartyId ---\&amp;quot;)</message>
  <nestedLevel>1</nestedLevel>
  <property name="startLine">38</property>
  <property name="stepIndex">28</property>
</record>
<record>
  <date>2019-08-22T19:01:44</date>
  <millis>1566477104148</millis>
  <sequence>423</sequence>
  <level>INFO</level>
  <class>com.kms.katalon.core.logging.XmlKeywordLogger</class>
  <method>logMessage</method>
  <thread>1</thread>
  <message>--- Key in data all required fields on Personal Party - PartyId ---</message>
  <nestedLevel>1</nestedLevel>
</record>
<record>
  <date>2019-08-22T19:01:44</date>
  <millis>1566477104148</millis>
  <sequence>424</sequence>
  <level>END</level>
  <class>com.kms.katalon.core.logging.XmlKeywordLogger</class>
  <method>endKeyword</method>
  <thread>1</thread>
  <message>End action : log.logInfo(\&amp;quot;--- Key in data all required fields on Personal Party - PartyId ---\&amp;quot;)</message>
  <nestedLevel>1</nestedLevel>
</record>
<record>
  <date>2019-08-22T19:01:44</date>
  <millis>1566477104149</millis>
  <sequence>425</sequence>
  <level>START</level>
  <class>com.kms.katalon.core.logging.XmlKeywordLogger</class>
  <method>startKeyword</method>
  <thread>1</thread>
  <message>Start action : partyOnboardingPersonal.inputPartyId()</message>
  <nestedLevel>1</nestedLevel>
  <property name="startLine">39</property>
  <property name="stepIndex">29</property>
</record>
<record>
  <date>2019-08-22T19:01:46</date>
  <millis>1566477106868</millis>
  <sequence>432</sequence>
  <level>PASSED</level>
  <class>com.kms.katalon.core.logging.XmlKeywordLogger</class>
  <method>logMessage</method>
  <thread>1</thread>
  <message>Object &amp;apos;Object Repository/PartyOnboarding/Personal/PersonalParty/txt_PartyID&amp;apos; is visible</message>
  <nestedLevel>1</nestedLevel>
</record>
<record>
  <date>2019-08-22T19:01:46</date>
  <millis>1566477106909</millis>
  <sequence>439</sequence>
  <level>PASSED</level>
  <class>com.kms.katalon.core.logging.XmlKeywordLogger</class>
  <method>logMessage</method>
  <thread>1</thread>
  <message>Object &amp;apos;Object Repository/PartyOnboarding/Personal/PersonalParty/txt_PartyID&amp;apos; is visible</message>
  <nestedLevel>1</nestedLevel>
</record>
<record>
  <date>2019-08-22T19:01:47</date>
  <millis>1566477107143</millis>
  <sequence>445</sequence>
  <level>PASSED</level>
  <class>com.kms.katalon.core.logging.XmlKeywordLogger</class>
  <method>logMessage</method>
  <thread>1</thread>
  <message>Keys &amp;apos;TAB + ivaXS0LN&amp;apos; sent to object: &amp;apos;Object Repository/PartyOnboarding/Personal/PersonalParty/txt_PartyID&amp;apos;</message>
  <nestedLevel>1</nestedLevel>
</record>
