<?xml version="1.0" encoding="UTF-8" standalone="no"?>
<!DOCTYPE log SYSTEM "logger.dtd">
<log>
<record>
  <date>2019-08-24T13:38:13</date>
  <millis>1566630493056</millis>
  <sequence>0</sequence>
  <level>START</level>
  <class>com.kms.katalon.core.logging.XmlKeywordLogger</class>
  <method>startSuite</method>
  <thread>1</thread>
  <message>Start Test Suite : Test Suites/DataPreparation/PartyOnboardingPersonal</message>
  <nestedLevel>0</nestedLevel>
  <property name="name">PartyOnboardingPersonal</property>
  <property name="description"></property>
  <property name="id">Test Suites/DataPreparation/PartyOnboardingPersonal</property>
</record>
<record>
  <date>2019-08-24T13:38:13</date>
  <millis>1566630493079</millis>
  <sequence>1</sequence>
  <level>RUN_DATA</level>
  <class>com.kms.katalon.core.logging.XmlKeywordLogger</class>
  <method>logMessage</method>
  <thread>1</thread>
  <message>hostName = HP - CNU406BFVL</message>
  <nestedLevel>0</nestedLevel>
  <property name="hostName">HP - CNU406BFVL</property>
</record>
<record>
  <date>2019-08-24T13:38:13</date>
  <millis>1566630493080</millis>
  <sequence>2</sequence>
  <level>RUN_DATA</level>
  <class>com.kms.katalon.core.logging.XmlKeywordLogger</class>
  <method>logMessage</method>
  <thread>1</thread>
  <message>os = Windows 7 64bit</message>
  <nestedLevel>0</nestedLevel>
  <property name="os">Windows 7 64bit</property>
</record>
<record>
  <date>2019-08-24T13:38:13</date>
  <millis>1566630493081</millis>
  <sequence>3</sequence>
  <level>RUN_DATA</level>
  <class>com.kms.katalon.core.logging.XmlKeywordLogger</class>
  <method>logMessage</method>
  <thread>1</thread>
  <message>hostAddress = 10.9.13.62</message>
  <nestedLevel>0</nestedLevel>
  <property name="hostAddress">10.9.13.62</property>
</record>
<record>
  <date>2019-08-24T13:38:13</date>
  <millis>1566630493084</millis>
  <sequence>4</sequence>
  <level>RUN_DATA</level>
  <class>com.kms.katalon.core.logging.XmlKeywordLogger</class>
  <method>logMessage</method>
  <thread>1</thread>
  <message>katalonVersion = 6.2.2.4</message>
  <nestedLevel>0</nestedLevel>
  <property name="katalonVersion">6.2.2.4</property>
</record>
<record>
  <date>2019-08-24T13:38:13</date>
  <millis>1566630493406</millis>
  <sequence>5</sequence>
  <level>START</level>
  <class>com.kms.katalon.core.logging.XmlKeywordLogger</class>
  <method>startTest</method>
  <thread>1</thread>
  <message>Start Test Case : Test Cases/Login</message>
  <nestedLevel>1</nestedLevel>
  <property name="name">Test Cases/Login</property>
  <property name="description">user: user31\nPass: user31</property>
  <property name="id">Test Cases/Login</property>
  <property name="source">C:\\ML\\JITS\\AYA\\Automation\\FBE\\FBE\\Test Cases\\Login.tc</property>
  <property name="tag"></property>
  <property name="isOptional">false</property>
</record>
<record>
  <date>2019-08-24T13:38:13</date>
  <millis>1566630493437</millis>
  <sequence>7</sequence>
  <level>INFO</level>
  <class>com.kms.katalon.core.logging.XmlKeywordLogger</class>
  <method>logMessage</method>
  <thread>1</thread>
  <message>url = http://172.24.192.30:9080/uxp/rt/html/layout.html?locale=en-gb</message>
  <nestedLevel>1</nestedLevel>
</record>
<record>
  <date>2019-08-24T13:38:13</date>
  <millis>1566630493438</millis>
  <sequence>8</sequence>
  <level>INFO</level>
  <class>com.kms.katalon.core.logging.XmlKeywordLogger</class>
  <method>logMessage</method>
  <thread>1</thread>
  <message>username = br1user006</message>
  <nestedLevel>1</nestedLevel>
</record>
<record>
  <date>2019-08-24T13:38:13</date>
  <millis>1566630493439</millis>
  <sequence>9</sequence>
  <level>INFO</level>
  <class>com.kms.katalon.core.logging.XmlKeywordLogger</class>
  <method>logMessage</method>
  <thread>1</thread>
  <message>password = User006!@#</message>
  <nestedLevel>1</nestedLevel>
</record>
<record>
  <date>2019-08-24T13:38:13</date>
  <millis>1566630493548</millis>
  <sequence>10</sequence>
  <level>INFO</level>
  <class>com.kms.katalon.core.logging.XmlKeywordLogger</class>
  <method>logMessage</method>
  <thread>1</thread>
  <message>(Default) active = Yes</message>
  <nestedLevel>1</nestedLevel>
</record>
<record>
  <date>2019-08-24T13:38:13</date>
  <millis>1566630493551</millis>
  <sequence>11</sequence>
  <level>START</level>
  <class>com.kms.katalon.core.logging.XmlKeywordLogger</class>
  <method>startKeyword</method>
  <thread>1</thread>
  <message>Start listener action : sampleBeforeTestCase</message>
  <nestedLevel>1</nestedLevel>
</record>
<record>
  <date>2019-08-24T13:38:13</date>
  <millis>1566630493669</millis>
  <sequence>13</sequence>
  <level>START</level>
  <class>com.kms.katalon.core.logging.XmlKeywordLogger</class>
  <method>startKeyword</method>
  <thread>1</thread>
  <message>Start action : testCaseID = testCaseContext.getTestCaseId()</message>
  <nestedLevel>1</nestedLevel>
  <property name="startLine">32</property>
  <property name="stepIndex">1</property>
</record>
<record>
  <date>2019-08-24T13:38:13</date>
  <millis>1566630493770</millis>
  <sequence>15</sequence>
  <level>END</level>
  <class>com.kms.katalon.core.logging.XmlKeywordLogger</class>
  <method>endKeyword</method>
  <thread>1</thread>
  <message>End action : testCaseID = testCaseContext.getTestCaseId()</message>
  <nestedLevel>1</nestedLevel>
</record>
<record>
  <date>2019-08-24T13:38:13</date>
  <millis>1566630493771</millis>
  <sequence>16</sequence>
  <level>END</level>
  <class>com.kms.katalon.core.logging.XmlKeywordLogger</class>
  <method>endKeyword</method>
  <thread>1</thread>
  <message>End listener action : sampleBeforeTestCase</message>
  <nestedLevel>1</nestedLevel>
</record>
<record>
  <date>2019-08-24T13:38:14</date>
  <millis>1566630494067</millis>
  <sequence>17</sequence>
  <level>START</level>
  <class>com.kms.katalon.core.logging.XmlKeywordLogger</class>
  <method>startKeyword</method>
  <thread>1</thread>
  <message>Start action : logger = new com.kms.katalon.core.util.KeywordUtil()</message>
  <nestedLevel>1</nestedLevel>
  <property name="startLine">26</property>
  <property name="stepIndex">1</property>
</record>
<record>
  <date>2019-08-24T13:38:14</date>
  <millis>1566630494074</millis>
  <sequence>18</sequence>
  <level>END</level>
  <class>com.kms.katalon.core.logging.XmlKeywordLogger</class>
  <method>endKeyword</method>
  <thread>1</thread>
  <message>End action : logger = new com.kms.katalon.core.util.KeywordUtil()</message>
  <nestedLevel>1</nestedLevel>
</record>
<record>
  <date>2019-08-24T13:38:14</date>
  <millis>1566630494074</millis>
  <sequence>19</sequence>
  <level>START</level>
  <class>com.kms.katalon.core.logging.XmlKeywordLogger</class>
  <method>startKeyword</method>
  <thread>1</thread>
  <message>Start action : loginPage = new pageObjects.LoginPage()</message>
  <nestedLevel>1</nestedLevel>
  <property name="startLine">28</property>
  <property name="stepIndex">2</property>
</record>
<record>
  <date>2019-08-24T13:38:14</date>
  <millis>1566630494120</millis>
  <sequence>20</sequence>
  <level>END</level>
  <class>com.kms.katalon.core.logging.XmlKeywordLogger</class>
  <method>endKeyword</method>
  <thread>1</thread>
  <message>End action : loginPage = new pageObjects.LoginPage()</message>
  <nestedLevel>1</nestedLevel>
</record>
<record>
  <date>2019-08-24T13:38:14</date>
  <millis>1566630494121</millis>
  <sequence>21</sequence>
  <level>START</level>
  <class>com.kms.katalon.core.logging.XmlKeywordLogger</class>
  <method>startKeyword</method>
  <thread>1</thread>
  <message>Start action : logger.logInfo(\&amp;quot;Login - Step01 - Open browser\&amp;quot;)</message>
  <nestedLevel>1</nestedLevel>
  <property name="startLine">30</property>
  <property name="stepIndex">3</property>
</record>
<record>
  <date>2019-08-24T13:38:14</date>
  <millis>1566630494123</millis>
  <sequence>22</sequence>
  <level>INFO</level>
  <class>com.kms.katalon.core.logging.XmlKeywordLogger</class>
  <method>logMessage</method>
  <thread>1</thread>
  <message>Login - Step01 - Open browser</message>
  <nestedLevel>1</nestedLevel>
</record>
<record>
  <date>2019-08-24T13:38:14</date>
  <millis>1566630494125</millis>
  <sequence>23</sequence>
  <level>END</level>
  <class>com.kms.katalon.core.logging.XmlKeywordLogger</class>
  <method>endKeyword</method>
  <thread>1</thread>
  <message>End action : logger.logInfo(\&amp;quot;Login - Step01 - Open browser\&amp;quot;)</message>
  <nestedLevel>1</nestedLevel>
</record>
<record>
  <date>2019-08-24T13:38:14</date>
  <millis>1566630494125</millis>
  <sequence>24</sequence>
  <level>START</level>
  <class>com.kms.katalon.core.logging.XmlKeywordLogger</class>
  <method>startKeyword</method>
  <thread>1</thread>
  <message>Start action : loginPage.openBrowser(url, active)</message>
  <nestedLevel>1</nestedLevel>
  <property name="startLine">31</property>
  <property name="stepIndex">4</property>
</record>
<record>
  <date>2019-08-24T13:38:14</date>
  <millis>1566630494479</millis>
  <sequence>26</sequence>
  <level>INFO</level>
  <class>com.kms.katalon.core.logging.XmlKeywordLogger</class>
  <method>logMessage</method>
  <thread>1</thread>
  <message>Starting &amp;apos;Chrome&amp;apos; driver</message>
  <nestedLevel>1</nestedLevel>
</record>
<record>
  <date>2019-08-24T13:38:14</date>
  <millis>1566630494552</millis>
  <sequence>28</sequence>
  <level>INFO</level>
  <class>com.kms.katalon.core.logging.XmlKeywordLogger</class>
  <method>logMessage</method>
  <thread>1</thread>
  <message>Action delay is set to 0 seconds</message>
  <nestedLevel>1</nestedLevel>
</record>
<record>
  <date>2019-08-24T13:38:18</date>
  <millis>1566630498306</millis>
  <sequence>30</sequence>
  <level>RUN_DATA</level>
  <class>com.kms.katalon.core.logging.XmlKeywordLogger</class>
  <method>logMessage</method>
  <thread>1</thread>
  <message>sessionId = 24b98fe1215ec7d3a6c61503b0690e2e</message>
  <nestedLevel>1</nestedLevel>
  <property name="sessionId">24b98fe1215ec7d3a6c61503b0690e2e</property>
</record>
<record>
  <date>2019-08-24T13:38:18</date>
  <millis>1566630498334</millis>
  <sequence>31</sequence>
  <level>RUN_DATA</level>
  <class>com.kms.katalon.core.logging.XmlKeywordLogger</class>
  <method>logMessage</method>
  <thread>1</thread>
  <message>browser = Chrome 76.0.3809.100</message>
  <nestedLevel>1</nestedLevel>
  <property name="browser">Chrome 76.0.3809.100</property>
</record>
<record>
  <date>2019-08-24T13:38:18</date>
  <millis>1566630498334</millis>
  <sequence>32</sequence>
  <level>RUN_DATA</level>
  <class>com.kms.katalon.core.logging.XmlKeywordLogger</class>
  <method>logMessage</method>
  <thread>1</thread>
  <message>platform = Windows 7</message>
  <nestedLevel>1</nestedLevel>
  <property name="platform">Windows 7</property>
</record>
<record>
  <date>2019-08-24T13:38:18</date>
  <millis>1566630498336</millis>
  <sequence>33</sequence>
  <level>RUN_DATA</level>
  <class>com.kms.katalon.core.logging.XmlKeywordLogger</class>
  <method>logMessage</method>
  <thread>1</thread>
  <message>seleniumVersion = 3.141.59</message>
  <nestedLevel>1</nestedLevel>
  <property name="seleniumVersion">3.141.59</property>
</record>
<record>
  <date>2019-08-24T13:38:18</date>
  <millis>1566630498337</millis>
  <sequence>34</sequence>
  <level>RUN_DATA</level>
  <class>com.kms.katalon.core.logging.XmlKeywordLogger</class>
  <method>logMessage</method>
  <thread>1</thread>
  <message>proxyInformation = ProxyInformation{proxyOption=NO_PROXY, proxyServerType=HTTP, password=, proxyServerAddress=, proxyServerPort=0}</message>
  <nestedLevel>1</nestedLevel>
  <property name="proxyInformation">ProxyInformation{proxyOption=NO_PROXY, proxyServerType=HTTP, password=, proxyServerAddress=, proxyServerPort=0}</property>
</record>
<record>
  <date>2019-08-24T13:38:22</date>
  <millis>1566630502919</millis>
  <sequence>36</sequence>
  <level>PASSED</level>
  <class>com.kms.katalon.core.logging.XmlKeywordLogger</class>
  <method>logMessage</method>
  <thread>1</thread>
  <message>Browser is opened with url: &amp;apos;http://172.24.192.30:9080/uxp/rt/html/layout.html?locale=en-gb&amp;apos;</message>
  <nestedLevel>1</nestedLevel>
</record>
<record>
  <date>2019-08-24T13:38:24</date>
  <millis>1566630504506</millis>
  <sequence>38</sequence>
  <level>PASSED</level>
  <class>com.kms.katalon.core.logging.XmlKeywordLogger</class>
  <method>logMessage</method>
  <thread>1</thread>
  <message>Current window maximized</message>
  <nestedLevel>1</nestedLevel>
</record>
<record>
  <date>2019-08-24T13:38:24</date>
  <millis>1566630504507</millis>
  <sequence>39</sequence>
  <level>END</level>
  <class>com.kms.katalon.core.logging.XmlKeywordLogger</class>
  <method>endKeyword</method>
  <thread>1</thread>
  <message>End action : loginPage.openBrowser(url, active)</message>
  <nestedLevel>1</nestedLevel>
</record>
<record>
  <date>2019-08-24T13:38:24</date>
  <millis>1566630504508</millis>
  <sequence>40</sequence>
  <level>START</level>
  <class>com.kms.katalon.core.logging.XmlKeywordLogger</class>
  <method>startKeyword</method>
  <thread>1</thread>
  <message>Start action : logger.logInfo(\&amp;quot;Login - Step02 - Input Username\&amp;quot;)</message>
  <nestedLevel>1</nestedLevel>
  <property name="startLine">33</property>
  <property name="stepIndex">5</property>
</record>
<record>
  <date>2019-08-24T13:38:24</date>
  <millis>1566630504508</millis>
  <sequence>41</sequence>
  <level>INFO</level>
  <class>com.kms.katalon.core.logging.XmlKeywordLogger</class>
  <method>logMessage</method>
  <thread>1</thread>
  <message>Login - Step02 - Input Username</message>
  <nestedLevel>1</nestedLevel>
</record>
<record>
  <date>2019-08-24T13:38:24</date>
  <millis>1566630504509</millis>
  <sequence>42</sequence>
  <level>END</level>
  <class>com.kms.katalon.core.logging.XmlKeywordLogger</class>
  <method>endKeyword</method>
  <thread>1</thread>
  <message>End action : logger.logInfo(\&amp;quot;Login - Step02 - Input Username\&amp;quot;)</message>
  <nestedLevel>1</nestedLevel>
</record>
<record>
  <date>2019-08-24T13:38:24</date>
  <millis>1566630504509</millis>
  <sequence>43</sequence>
  <level>START</level>
  <class>com.kms.katalon.core.logging.XmlKeywordLogger</class>
  <method>startKeyword</method>
  <thread>1</thread>
  <message>Start action : loginPage.inputUsername(username, active)</message>
  <nestedLevel>1</nestedLevel>
  <property name="startLine">34</property>
  <property name="stepIndex">6</property>
</record>
<record>
  <date>2019-08-24T13:38:24</date>
  <millis>1566630504636</millis>
  <sequence>49</sequence>
  <level>PASSED</level>
  <class>com.kms.katalon.core.logging.XmlKeywordLogger</class>
  <method>logMessage</method>
  <thread>1</thread>
  <message>Object &amp;apos;Object Repository/LogIn/input_Username_user&amp;apos; is present</message>
  <nestedLevel>1</nestedLevel>
</record>
<record>
  <date>2019-08-24T13:38:24</date>
  <millis>1566630504772</millis>
  <sequence>55</sequence>
  <level>PASSED</level>
  <class>com.kms.katalon.core.logging.XmlKeywordLogger</class>
  <method>logMessage</method>
  <thread>1</thread>
  <message>Keys &amp;apos;br1user006&amp;apos; sent to object: &amp;apos;Object Repository/LogIn/input_Username_user&amp;apos;</message>
  <nestedLevel>1</nestedLevel>
</record>
<record>
  <date>2019-08-24T13:38:24</date>
  <millis>1566630504773</millis>
  <sequence>56</sequence>
  <level>END</level>
  <class>com.kms.katalon.core.logging.XmlKeywordLogger</class>
  <method>endKeyword</method>
  <thread>1</thread>
  <message>End action : loginPage.inputUsername(username, active)</message>
  <nestedLevel>1</nestedLevel>
</record>
<record>
  <date>2019-08-24T13:38:24</date>
  <millis>1566630504773</millis>
  <sequence>57</sequence>
  <level>START</level>
  <class>com.kms.katalon.core.logging.XmlKeywordLogger</class>
  <method>startKeyword</method>
  <thread>1</thread>
  <message>Start action : logger.logInfo(\&amp;quot;Login - Step03 - Input Password\&amp;quot;)</message>
  <nestedLevel>1</nestedLevel>
  <property name="startLine">36</property>
  <property name="stepIndex">7</property>
</record>
<record>
  <date>2019-08-24T13:38:24</date>
  <millis>1566630504774</millis>
  <sequence>58</sequence>
  <level>INFO</level>
  <class>com.kms.katalon.core.logging.XmlKeywordLogger</class>
  <method>logMessage</method>
  <thread>1</thread>
  <message>Login - Step03 - Input Password</message>
  <nestedLevel>1</nestedLevel>
</record>
<record>
  <date>2019-08-24T13:38:24</date>
  <millis>1566630504774</millis>
  <sequence>59</sequence>
  <level>END</level>
  <class>com.kms.katalon.core.logging.XmlKeywordLogger</class>
  <method>endKeyword</method>
  <thread>1</thread>
  <message>End action : logger.logInfo(\&amp;quot;Login - Step03 - Input Password\&amp;quot;)</message>
  <nestedLevel>1</nestedLevel>
</record>
<record>
  <date>2019-08-24T13:38:24</date>
  <millis>1566630504775</millis>
  <sequence>60</sequence>
  <level>START</level>
  <class>com.kms.katalon.core.logging.XmlKeywordLogger</class>
  <method>startKeyword</method>
  <thread>1</thread>
  <message>Start action : loginPage.inputPassword(password, active)</message>
  <nestedLevel>1</nestedLevel>
  <property name="startLine">37</property>
  <property name="stepIndex">8</property>
</record>
<record>
  <date>2019-08-24T13:38:24</date>
  <millis>1566630504816</millis>
  <sequence>66</sequence>
  <level>PASSED</level>
  <class>com.kms.katalon.core.logging.XmlKeywordLogger</class>
  <method>logMessage</method>
  <thread>1</thread>
  <message>Object &amp;apos;Object Repository/LogIn/input_Password_pwd&amp;apos; is present</message>
  <nestedLevel>1</nestedLevel>
</record>
<record>
  <date>2019-08-24T13:38:24</date>
  <millis>1566630504949</millis>
  <sequence>72</sequence>
  <level>PASSED</level>
  <class>com.kms.katalon.core.logging.XmlKeywordLogger</class>
  <method>logMessage</method>
  <thread>1</thread>
  <message>Keys &amp;apos;User006!@#&amp;apos; sent to object: &amp;apos;Object Repository/LogIn/input_Password_pwd&amp;apos;</message>
  <nestedLevel>1</nestedLevel>
</record>
<record>
  <date>2019-08-24T13:38:24</date>
  <millis>1566630504950</millis>
  <sequence>73</sequence>
  <level>END</level>
  <class>com.kms.katalon.core.logging.XmlKeywordLogger</class>
  <method>endKeyword</method>
  <thread>1</thread>
  <message>End action : loginPage.inputPassword(password, active)</message>
  <nestedLevel>1</nestedLevel>
</record>
<record>
  <date>2019-08-24T13:38:24</date>
  <millis>1566630504951</millis>
  <sequence>74</sequence>
  <level>START</level>
  <class>com.kms.katalon.core.logging.XmlKeywordLogger</class>
  <method>startKeyword</method>
  <thread>1</thread>
  <message>Start action : logger.logInfo(\&amp;quot;Login - Step04 - Click Sign In button\&amp;quot;)</message>
  <nestedLevel>1</nestedLevel>
  <property name="startLine">39</property>
  <property name="stepIndex">9</property>
</record>
<record>
  <date>2019-08-24T13:38:24</date>
  <millis>1566630504952</millis>
  <sequence>75</sequence>
  <level>INFO</level>
  <class>com.kms.katalon.core.logging.XmlKeywordLogger</class>
  <method>logMessage</method>
  <thread>1</thread>
  <message>Login - Step04 - Click Sign In button</message>
  <nestedLevel>1</nestedLevel>
</record>
<record>
  <date>2019-08-24T13:38:24</date>
  <millis>1566630504952</millis>
  <sequence>76</sequence>
  <level>END</level>
  <class>com.kms.katalon.core.logging.XmlKeywordLogger</class>
  <method>endKeyword</method>
  <thread>1</thread>
  <message>End action : logger.logInfo(\&amp;quot;Login - Step04 - Click Sign In button\&amp;quot;)</message>
  <nestedLevel>1</nestedLevel>
</record>
<record>
  <date>2019-08-24T13:38:24</date>
  <millis>1566630504953</millis>
  <sequence>77</sequence>
  <level>START</level>
  <class>com.kms.katalon.core.logging.XmlKeywordLogger</class>
  <method>startKeyword</method>
  <thread>1</thread>
  <message>Start action : loginPage.clickSingin(active)</message>
  <nestedLevel>1</nestedLevel>
  <property name="startLine">40</property>
  <property name="stepIndex">10</property>
</record>
<record>
  <date>2019-08-24T13:38:25</date>
  <millis>1566630505023</millis>
  <sequence>83</sequence>
  <level>PASSED</level>
  <class>com.kms.katalon.core.logging.XmlKeywordLogger</class>
  <method>logMessage</method>
  <thread>1</thread>
  <message>Object &amp;apos;Object Repository/LogIn/input_Password_login&amp;apos; is present</message>
  <nestedLevel>1</nestedLevel>
</record>
<record>
  <date>2019-08-24T13:38:25</date>
  <millis>1566630505201</millis>
  <sequence>90</sequence>
  <level>PASSED</level>
  <class>com.kms.katalon.core.logging.XmlKeywordLogger</class>
  <method>logMessage</method>
  <thread>1</thread>
  <message>Object: &amp;apos;Object Repository/LogIn/input_Password_login&amp;apos; is clicked on</message>
  <nestedLevel>1</nestedLevel>
</record>
<record>
  <date>2019-08-24T13:38:25</date>
  <millis>1566630505202</millis>
  <sequence>91</sequence>
  <level>END</level>
  <class>com.kms.katalon.core.logging.XmlKeywordLogger</class>
  <method>endKeyword</method>
  <thread>1</thread>
  <message>End action : loginPage.clickSingin(active)</message>
  <nestedLevel>1</nestedLevel>
</record>
<record>
  <date>2019-08-24T13:38:25</date>
  <millis>1566630505203</millis>
  <sequence>92</sequence>
  <level>START</level>
  <class>com.kms.katalon.core.logging.XmlKeywordLogger</class>
  <method>startKeyword</method>
  <thread>1</thread>
  <message>Start action : logger.logInfo(\&amp;quot;Login - wait load page\&amp;quot;)</message>
  <nestedLevel>1</nestedLevel>
  <property name="startLine">42</property>
  <property name="stepIndex">11</property>
</record>
<record>
  <date>2019-08-24T13:38:25</date>
  <millis>1566630505205</millis>
  <sequence>93</sequence>
  <level>INFO</level>
  <class>com.kms.katalon.core.logging.XmlKeywordLogger</class>
  <method>logMessage</method>
  <thread>1</thread>
  <message>Login - wait load page</message>
  <nestedLevel>1</nestedLevel>
</record>
<record>
  <date>2019-08-24T13:38:25</date>
  <millis>1566630505206</millis>
  <sequence>94</sequence>
  <level>END</level>
  <class>com.kms.katalon.core.logging.XmlKeywordLogger</class>
  <method>endKeyword</method>
  <thread>1</thread>
  <message>End action : logger.logInfo(\&amp;quot;Login - wait load page\&amp;quot;)</message>
  <nestedLevel>1</nestedLevel>
</record>
<record>
  <date>2019-08-24T13:38:25</date>
  <millis>1566630505206</millis>
  <sequence>95</sequence>
  <level>START</level>
  <class>com.kms.katalon.core.logging.XmlKeywordLogger</class>
  <method>startKeyword</method>
  <thread>1</thread>
  <message>Start action : loginPage.waitLoadPage(active)</message>
  <nestedLevel>1</nestedLevel>
  <property name="startLine">43</property>
  <property name="stepIndex">12</property>
</record>
<record>
  <date>2019-08-24T13:38:25</date>
  <millis>1566630505424</millis>
  <sequence>97</sequence>
  <level>PASSED</level>
  <class>com.kms.katalon.core.logging.XmlKeywordLogger</class>
  <method>logMessage</method>
  <thread>1</thread>
  <message>Wait for page load successfully</message>
  <nestedLevel>1</nestedLevel>
</record>
<record>
  <date>2019-08-24T13:38:25</date>
  <millis>1566630505425</millis>
  <sequence>98</sequence>
  <level>END</level>
  <class>com.kms.katalon.core.logging.XmlKeywordLogger</class>
  <method>endKeyword</method>
  <thread>1</thread>
  <message>End action : loginPage.waitLoadPage(active)</message>
  <nestedLevel>1</nestedLevel>
</record>
<record>
  <date>2019-08-24T13:38:25</date>
  <millis>1566630505425</millis>
  <sequence>99</sequence>
  <level>PASSED</level>
  <class>com.kms.katalon.core.logging.XmlKeywordLogger</class>
  <method>logMessage</method>
  <thread>1</thread>
  <message>Test Cases/Login</message>
  <nestedLevel>1</nestedLevel>
</record>
<record>
  <date>2019-08-24T13:38:25</date>
  <millis>1566630505426</millis>
  <sequence>100</sequence>
  <level>END</level>
  <class>com.kms.katalon.core.logging.XmlKeywordLogger</class>
  <method>endTest</method>
  <thread>1</thread>
  <message>End Test Case : Test Cases/Login</message>
  <nestedLevel>0</nestedLevel>
</record>
<record>
  <date>2019-08-24T13:38:25</date>
  <millis>1566630505449</millis>
  <sequence>101</sequence>
  <level>START</level>
  <class>com.kms.katalon.core.logging.XmlKeywordLogger</class>
  <method>startTest</method>
  <thread>1</thread>
  <message>Start Test Case : Test Cases/DataPreparation/PartyOnboardingEnterprise</message>
  <nestedLevel>1</nestedLevel>
  <property name="name">Test Cases/DataPreparation/PartyOnboardingEnterprise</property>
  <property name="description"></property>
  <property name="id">Test Cases/DataPreparation/PartyOnboardingEnterprise</property>
  <property name="source">C:\\ML\\JITS\\AYA\\Automation\\FBE\\FBE\\Test Cases\\DataPreparation\\PartyOnboardingEnterprise.tc</property>
  <property name="tag"></property>
  <property name="isOptional">false</property>
</record>
<record>
  <date>2019-08-24T13:38:25</date>
  <millis>1566630505472</millis>
  <sequence>103</sequence>
  <level>INFO</level>
  <class>com.kms.katalon.core.logging.XmlKeywordLogger</class>
  <method>logMessage</method>
  <thread>1</thread>
  <message>s01_localglobal = Local Private</message>
  <nestedLevel>1</nestedLevel>
</record>
<record>
  <date>2019-08-24T13:38:25</date>
  <millis>1566630505473</millis>
  <sequence>104</sequence>
  <level>INFO</level>
  <class>com.kms.katalon.core.logging.XmlKeywordLogger</class>
  <method>logMessage</method>
  <thread>1</thread>
  <message>s01_partytype = Enterprise</message>
  <nestedLevel>1</nestedLevel>
</record>
<record>
  <date>2019-08-24T13:38:25</date>
  <millis>1566630505473</millis>
  <sequence>105</sequence>
  <level>INFO</level>
  <class>com.kms.katalon.core.logging.XmlKeywordLogger</class>
  <method>logMessage</method>
  <thread>1</thread>
  <message>s01_partysubtype = PRIVATE/PUBLIC/PUBLIC LISTED COMPANY (MYANMAR)</message>
  <nestedLevel>1</nestedLevel>
</record>
<record>
  <date>2019-08-24T13:38:25</date>
  <millis>1566630505474</millis>
  <sequence>106</sequence>
  <level>INFO</level>
  <class>com.kms.katalon.core.logging.XmlKeywordLogger</class>
  <method>logMessage</method>
  <thread>1</thread>
  <message>s01_partycategory = Full</message>
  <nestedLevel>1</nestedLevel>
</record>
<record>
  <date>2019-08-24T13:38:25</date>
  <millis>1566630505474</millis>
  <sequence>107</sequence>
  <level>INFO</level>
  <class>com.kms.katalon.core.logging.XmlKeywordLogger</class>
  <method>logMessage</method>
  <thread>1</thread>
  <message>s01_lineofbusiness = All</message>
  <nestedLevel>1</nestedLevel>
</record>
<record>
  <date>2019-08-24T13:38:25</date>
  <millis>1566630505475</millis>
  <sequence>108</sequence>
  <level>INFO</level>
  <class>com.kms.katalon.core.logging.XmlKeywordLogger</class>
  <method>logMessage</method>
  <thread>1</thread>
  <message>s02_enterpriseName = Enterprise 0000001</message>
  <nestedLevel>1</nestedLevel>
</record>
<record>
  <date>2019-08-24T13:38:25</date>
  <millis>1566630505475</millis>
  <sequence>109</sequence>
  <level>INFO</level>
  <class>com.kms.katalon.core.logging.XmlKeywordLogger</class>
  <method>logMessage</method>
  <thread>1</thread>
  <message>s02_registeredNumber = </message>
  <nestedLevel>1</nestedLevel>
</record>
<record>
  <date>2019-08-24T13:38:25</date>
  <millis>1566630505487</millis>
  <sequence>110</sequence>
  <level>INFO</level>
  <class>com.kms.katalon.core.logging.XmlKeywordLogger</class>
  <method>logMessage</method>
  <thread>1</thread>
  <message>(Default) s02_goodsResisterNumber = </message>
  <nestedLevel>1</nestedLevel>
</record>
<record>
  <date>2019-08-24T13:38:25</date>
  <millis>1566630505502</millis>
  <sequence>111</sequence>
  <level>INFO</level>
  <class>com.kms.katalon.core.logging.XmlKeywordLogger</class>
  <method>logMessage</method>
  <thread>1</thread>
  <message>(Default) s02_contact = </message>
  <nestedLevel>1</nestedLevel>
</record>
<record>
  <date>2019-08-24T13:38:25</date>
  <millis>1566630505517</millis>
  <sequence>112</sequence>
  <level>INFO</level>
  <class>com.kms.katalon.core.logging.XmlKeywordLogger</class>
  <method>logMessage</method>
  <thread>1</thread>
  <message>(Default) s03_registeredNumber = </message>
  <nestedLevel>1</nestedLevel>
</record>
<record>
  <date>2019-08-24T13:38:25</date>
  <millis>1566630505517</millis>
  <sequence>113</sequence>
  <level>INFO</level>
  <class>com.kms.katalon.core.logging.XmlKeywordLogger</class>
  <method>logMessage</method>
  <thread>1</thread>
  <message>s03_shortName = Enterprise</message>
  <nestedLevel>1</nestedLevel>
</record>
<record>
  <date>2019-08-24T13:38:25</date>
  <millis>1566630505517</millis>
  <sequence>114</sequence>
  <level>INFO</level>
  <class>com.kms.katalon.core.logging.XmlKeywordLogger</class>
  <method>logMessage</method>
  <thread>1</thread>
  <message>s04_addressType = Home Address | Current Address | Office Address</message>
  <nestedLevel>1</nestedLevel>
</record>
<record>
  <date>2019-08-24T13:38:25</date>
  <millis>1566630505518</millis>
  <sequence>115</sequence>
  <level>INFO</level>
  <class>com.kms.katalon.core.logging.XmlKeywordLogger</class>
  <method>logMessage</method>
  <thread>1</thread>
  <message>s04_userForCommunication = Yes | No | No</message>
  <nestedLevel>1</nestedLevel>
</record>
<record>
  <date>2019-08-24T13:38:25</date>
  <millis>1566630505518</millis>
  <sequence>116</sequence>
  <level>INFO</level>
  <class>com.kms.katalon.core.logging.XmlKeywordLogger</class>
  <method>logMessage</method>
  <thread>1</thread>
  <message>s04_validFrom = 2018-01-14  | 2018-01-17 | 2017-01-17</message>
  <nestedLevel>1</nestedLevel>
</record>
<record>
  <date>2019-08-24T13:38:25</date>
  <millis>1566630505519</millis>
  <sequence>117</sequence>
  <level>INFO</level>
  <class>com.kms.katalon.core.logging.XmlKeywordLogger</class>
  <method>logMessage</method>
  <thread>1</thread>
  <message>s05_contactMethod = Telephone | Mobile | Email</message>
  <nestedLevel>1</nestedLevel>
</record>
<record>
  <date>2019-08-24T13:38:25</date>
  <millis>1566630505519</millis>
  <sequence>118</sequence>
  <level>INFO</level>
  <class>com.kms.katalon.core.logging.XmlKeywordLogger</class>
  <method>logMessage</method>
  <thread>1</thread>
  <message>s05_contactTypeLocation = Personal | Work | Personal</message>
  <nestedLevel>1</nestedLevel>
</record>
<record>
  <date>2019-08-24T13:38:25</date>
  <millis>1566630505519</millis>
  <sequence>119</sequence>
  <level>INFO</level>
  <class>com.kms.katalon.core.logging.XmlKeywordLogger</class>
  <method>logMessage</method>
  <thread>1</thread>
  <message>s05_contactCountryCode = +95 | +1</message>
  <nestedLevel>1</nestedLevel>
</record>
<record>
  <date>2019-08-24T13:38:25</date>
  <millis>1566630505520</millis>
  <sequence>120</sequence>
  <level>INFO</level>
  <class>com.kms.katalon.core.logging.XmlKeywordLogger</class>
  <method>logMessage</method>
  <thread>1</thread>
  <message>s05_contactAreaCode = </message>
  <nestedLevel>1</nestedLevel>
</record>
<record>
  <date>2019-08-24T13:38:25</date>
  <millis>1566630505520</millis>
  <sequence>121</sequence>
  <level>INFO</level>
  <class>com.kms.katalon.core.logging.XmlKeywordLogger</class>
  <method>logMessage</method>
  <thread>1</thread>
  <message>s05_contactNumber = 9697989901 | 9697989901 |</message>
  <nestedLevel>1</nestedLevel>
</record>
<record>
  <date>2019-08-24T13:38:25</date>
  <millis>1566630505520</millis>
  <sequence>122</sequence>
  <level>INFO</level>
  <class>com.kms.katalon.core.logging.XmlKeywordLogger</class>
  <method>logMessage</method>
  <thread>1</thread>
  <message>s05_contactEmail =   | | nguyenthimyle@gmail.com</message>
  <nestedLevel>1</nestedLevel>
</record>
<record>
  <date>2019-08-24T13:38:25</date>
  <millis>1566630505521</millis>
  <sequence>123</sequence>
  <level>INFO</level>
  <class>com.kms.katalon.core.logging.XmlKeywordLogger</class>
  <method>logMessage</method>
  <thread>1</thread>
  <message>s05_confirmEmail =   | | nguyenthimyle@gmail.com</message>
  <nestedLevel>1</nestedLevel>
</record>
<record>
  <date>2019-08-24T13:38:25</date>
  <millis>1566630505521</millis>
  <sequence>124</sequence>
  <level>INFO</level>
  <class>com.kms.katalon.core.logging.XmlKeywordLogger</class>
  <method>logMessage</method>
  <thread>1</thread>
  <message>s05_validFrom = 2018-12-20 | 2018-01-24 | 2017-01-24</message>
  <nestedLevel>1</nestedLevel>
</record>
<record>
  <date>2019-08-24T13:38:25</date>
  <millis>1566630505521</millis>
  <sequence>125</sequence>
  <level>INFO</level>
  <class>com.kms.katalon.core.logging.XmlKeywordLogger</class>
  <method>logMessage</method>
  <thread>1</thread>
  <message>s06_documentCategory = PT-AUTHORIZED MYCO USER | PT-BOARD OF DIRECTORS RESOLUTION | PT-CERTIFICATE OF INCORPORATION | PT-FILING HISTORY | PT-FORM QA 22(FOREIGNER) | PT-LIST OF DIRECTORS AND MEMBER DETAILS | PT-LIST OF SHAREHOLDERS AND MEMBER DETAILS | PT-NRC/PASSPORT COPY OF AUTHORIZED SIGNATORY | PT-NRC/PASSPORT COPY OF SHAREHOLDERS | PT-REGISTERED COMPANY ADDRESS | PT-VALID VISA COPY OF AUTH. SIGNATORY(FOREIGNER)</message>
  <nestedLevel>1</nestedLevel>
</record>
<record>
  <date>2019-08-24T13:38:25</date>
  <millis>1566630505523</millis>
  <sequence>126</sequence>
  <level>INFO</level>
  <class>com.kms.katalon.core.logging.XmlKeywordLogger</class>
  <method>logMessage</method>
  <thread>1</thread>
  <message>s06_kycExpired = 2020-10-20 |2020-10-20 | 2020-10-20|2020-10-20|2020-10-20|2020-10-20|2020-10-20|2020-10-20|2020-10-20|2020-10-20|2020-10-22 </message>
  <nestedLevel>1</nestedLevel>
</record>
<record>
  <date>2019-08-24T13:38:25</date>
  <millis>1566630505524</millis>
  <sequence>127</sequence>
  <level>INFO</level>
  <class>com.kms.katalon.core.logging.XmlKeywordLogger</class>
  <method>logMessage</method>
  <thread>1</thread>
  <message>s06_documentType = AUTHORIZED MYCO USER |  BOARD OF DIRECTORS RESOLUTION | CERTIFICATE OF INCORPORATION | FILING HISTORY | FORM QA 22(FOREIGNER) | LIST OF DIRECTORS AND MEMBER DETAILS | LIST OF SHAREHOLDERS AND MEMBER DETAILS | NRC/PASSPORT COPY OF AUTHORIZED SIGNATORY | NRC/PASSPORT COPY OF SHAREHOLDERS | REGISTERED COMPANY ADDRESS | VALID VISA COPY OF AUTH. SIGNATORY(FOREIGNER)</message>
  <nestedLevel>1</nestedLevel>
</record>
<record>
  <date>2019-08-24T13:38:25</date>
  <millis>1566630505524</millis>
  <sequence>128</sequence>
  <level>INFO</level>
  <class>com.kms.katalon.core.logging.XmlKeywordLogger</class>
  <method>logMessage</method>
  <thread>1</thread>
  <message>s06_validFrom = </message>
  <nestedLevel>1</nestedLevel>
</record>
<record>
  <date>2019-08-24T13:38:25</date>
  <millis>1566630505524</millis>
  <sequence>129</sequence>
  <level>INFO</level>
  <class>com.kms.katalon.core.logging.XmlKeywordLogger</class>
  <method>logMessage</method>
  <thread>1</thread>
  <message>s06_validTo = </message>
  <nestedLevel>1</nestedLevel>
</record>
<record>
  <date>2019-08-24T13:38:25</date>
  <millis>1566630505525</millis>
  <sequence>130</sequence>
  <level>INFO</level>
  <class>com.kms.katalon.core.logging.XmlKeywordLogger</class>
  <method>logMessage</method>
  <thread>1</thread>
  <message>s06_referenceNumber = </message>
  <nestedLevel>1</nestedLevel>
</record>
<record>
  <date>2019-08-24T13:38:25</date>
  <millis>1566630505525</millis>
  <sequence>131</sequence>
  <level>INFO</level>
  <class>com.kms.katalon.core.logging.XmlKeywordLogger</class>
  <method>logMessage</method>
  <thread>1</thread>
  <message>s06_issuingAuthority = </message>
  <nestedLevel>1</nestedLevel>
</record>
<record>
  <date>2019-08-24T13:38:25</date>
  <millis>1566630505525</millis>
  <sequence>132</sequence>
  <level>INFO</level>
  <class>com.kms.katalon.core.logging.XmlKeywordLogger</class>
  <method>logMessage</method>
  <thread>1</thread>
  <message>s06_issuingCountry = Myanmar | Myanmar|Myanmar|Myanmar|Myanmar|Myanmar|Myanmar|Myanmar|Myanmar|Myanmar|Myanmar</message>
  <nestedLevel>1</nestedLevel>
</record>
<record>
  <date>2019-08-24T13:38:25</date>
  <millis>1566630505526</millis>
  <sequence>133</sequence>
  <level>INFO</level>
  <class>com.kms.katalon.core.logging.XmlKeywordLogger</class>
  <method>logMessage</method>
  <thread>1</thread>
  <message>s06_documentVerified = TRUE | TRUE | TRUE | TRUE|TRUE|TRUE|TRUE|TRUE|TRUE|TRUE | TRUE</message>
  <nestedLevel>1</nestedLevel>
</record>
<record>
  <date>2019-08-24T13:38:25</date>
  <millis>1566630505526</millis>
  <sequence>134</sequence>
  <level>INFO</level>
  <class>com.kms.katalon.core.logging.XmlKeywordLogger</class>
  <method>logMessage</method>
  <thread>1</thread>
  <message>s06_documentCollectionStatus = Documents collected and validated centrally</message>
  <nestedLevel>1</nestedLevel>
</record>
<record>
  <date>2019-08-24T13:38:25</date>
  <millis>1566630505541</millis>
  <sequence>135</sequence>
  <level>INFO</level>
  <class>com.kms.katalon.core.logging.XmlKeywordLogger</class>
  <method>logMessage</method>
  <thread>1</thread>
  <message>(Default) s06_image = </message>
  <nestedLevel>1</nestedLevel>
</record>
<record>
  <date>2019-08-24T13:38:25</date>
  <millis>1566630505541</millis>
  <sequence>136</sequence>
  <level>START</level>
  <class>com.kms.katalon.core.logging.XmlKeywordLogger</class>
  <method>startKeyword</method>
  <thread>1</thread>
  <message>Start listener action : sampleBeforeTestCase</message>
  <nestedLevel>1</nestedLevel>
</record>
<record>
  <date>2019-08-24T13:38:25</date>
  <millis>1566630505542</millis>
  <sequence>138</sequence>
  <level>START</level>
  <class>com.kms.katalon.core.logging.XmlKeywordLogger</class>
  <method>startKeyword</method>
  <thread>1</thread>
  <message>Start action : testCaseID = testCaseContext.getTestCaseId()</message>
  <nestedLevel>1</nestedLevel>
  <property name="startLine">32</property>
  <property name="stepIndex">1</property>
</record>
<record>
  <date>2019-08-24T13:38:25</date>
  <millis>1566630505542</millis>
  <sequence>140</sequence>
  <level>END</level>
  <class>com.kms.katalon.core.logging.XmlKeywordLogger</class>
  <method>endKeyword</method>
  <thread>1</thread>
  <message>End action : testCaseID = testCaseContext.getTestCaseId()</message>
  <nestedLevel>1</nestedLevel>
</record>
<record>
  <date>2019-08-24T13:38:25</date>
  <millis>1566630505543</millis>
  <sequence>141</sequence>
  <level>END</level>
  <class>com.kms.katalon.core.logging.XmlKeywordLogger</class>
  <method>endKeyword</method>
  <thread>1</thread>
  <message>End listener action : sampleBeforeTestCase</message>
  <nestedLevel>1</nestedLevel>
</record>
<record>
  <date>2019-08-24T13:38:25</date>
  <millis>1566630505898</millis>
  <sequence>142</sequence>
  <level>START</level>
  <class>com.kms.katalon.core.logging.XmlKeywordLogger</class>
  <method>startKeyword</method>
  <thread>1</thread>
  <message>Start action : log = new com.kms.katalon.core.util.KeywordUtil()</message>
  <nestedLevel>1</nestedLevel>
  <property name="startLine">22</property>
  <property name="stepIndex">1</property>
</record>
<record>
  <date>2019-08-24T13:38:25</date>
  <millis>1566630505900</millis>
  <sequence>143</sequence>
  <level>END</level>
  <class>com.kms.katalon.core.logging.XmlKeywordLogger</class>
  <method>endKeyword</method>
  <thread>1</thread>
  <message>End action : log = new com.kms.katalon.core.util.KeywordUtil()</message>
  <nestedLevel>1</nestedLevel>
</record>
<record>
  <date>2019-08-24T13:38:25</date>
  <millis>1566630505900</millis>
  <sequence>144</sequence>
  <level>START</level>
  <class>com.kms.katalon.core.logging.XmlKeywordLogger</class>
  <method>startKeyword</method>
  <thread>1</thread>
  <message>Start action : partyOnboardingEnterprise = new pageObjects.PartyOnboarding()</message>
  <nestedLevel>1</nestedLevel>
  <property name="startLine">23</property>
  <property name="stepIndex">2</property>
</record>
<record>
  <date>2019-08-24T13:38:25</date>
  <millis>1566630505960</millis>
  <sequence>145</sequence>
  <level>END</level>
  <class>com.kms.katalon.core.logging.XmlKeywordLogger</class>
  <method>endKeyword</method>
  <thread>1</thread>
  <message>End action : partyOnboardingEnterprise = new pageObjects.PartyOnboarding()</message>
  <nestedLevel>1</nestedLevel>
</record>
<record>
  <date>2019-08-24T13:38:25</date>
  <millis>1566630505961</millis>
  <sequence>146</sequence>
  <level>START</level>
  <class>com.kms.katalon.core.logging.XmlKeywordLogger</class>
  <method>startKeyword</method>
  <thread>1</thread>
  <message>Start action : delay(3)</message>
  <nestedLevel>1</nestedLevel>
  <property name="startLine">25</property>
  <property name="stepIndex">3</property>
</record>
<record>
  <date>2019-08-24T13:38:28</date>
  <millis>1566630508995</millis>
  <sequence>148</sequence>
  <level>PASSED</level>
  <class>com.kms.katalon.core.logging.XmlKeywordLogger</class>
  <method>logMessage</method>
  <thread>1</thread>
  <message>Delayed 3 second(s)</message>
  <nestedLevel>1</nestedLevel>
</record>
<record>
  <date>2019-08-24T13:38:28</date>
  <millis>1566630508996</millis>
  <sequence>149</sequence>
  <level>END</level>
  <class>com.kms.katalon.core.logging.XmlKeywordLogger</class>
  <method>endKeyword</method>
  <thread>1</thread>
  <message>End action : delay(3)</message>
  <nestedLevel>1</nestedLevel>
</record>
<record>
  <date>2019-08-24T13:38:28</date>
  <millis>1566630508997</millis>
  <sequence>150</sequence>
  <level>START</level>
  <class>com.kms.katalon.core.logging.XmlKeywordLogger</class>
  <method>startKeyword</method>
  <thread>1</thread>
  <message>Start action : log.logInfo(\&amp;quot;--- Open Party Onboarding in Menu Search ---\&amp;quot;)</message>
  <nestedLevel>1</nestedLevel>
  <property name="startLine">26</property>
  <property name="stepIndex">4</property>
</record>
<record>
  <date>2019-08-24T13:38:28</date>
  <millis>1566630508998</millis>
  <sequence>151</sequence>
  <level>INFO</level>
  <class>com.kms.katalon.core.logging.XmlKeywordLogger</class>
  <method>logMessage</method>
  <thread>1</thread>
  <message>--- Open Party Onboarding in Menu Search ---</message>
  <nestedLevel>1</nestedLevel>
</record>
<record>
  <date>2019-08-24T13:38:29</date>
  <millis>1566630509002</millis>
  <sequence>152</sequence>
  <level>END</level>
  <class>com.kms.katalon.core.logging.XmlKeywordLogger</class>
  <method>endKeyword</method>
  <thread>1</thread>
  <message>End action : log.logInfo(\&amp;quot;--- Open Party Onboarding in Menu Search ---\&amp;quot;)</message>
  <nestedLevel>1</nestedLevel>
</record>
<record>
  <date>2019-08-24T13:38:29</date>
  <millis>1566630509003</millis>
  <sequence>153</sequence>
  <level>START</level>
  <class>com.kms.katalon.core.logging.XmlKeywordLogger</class>
  <method>startKeyword</method>
  <thread>1</thread>
  <message>Start action : partyOnboardingEnterprise.inputPartyOnboardingMenuSearch()</message>
  <nestedLevel>1</nestedLevel>
  <property name="startLine">27</property>
  <property name="stepIndex">5</property>
</record>
